#
# There is insufficient memory for the Java Runtime Environment to continue.
# Native memory allocation (mmap) failed to map 65536 bytes for Failed to commit metaspace.
# Possible reasons:
#   The system is out of physical RAM or swap space
#   The process is running with CompressedOops enabled, and the Java Heap may be blocking the growth of the native heap
# Possible solutions:
#   Reduce memory load on the system
#   Increase physical memory or swap space
#   Check if swap backing store is full
#   Decrease Java heap size (-Xmx/-Xms)
#   Decrease number of Java threads
#   Decrease Java thread stack sizes (-Xss)
#   Set larger code cache with -XX:ReservedCodeCacheSize=
#   JVM is running with Unscaled Compressed Oops mode in which the Java heap is
#     placed in the first 4GB address space. The Java Heap base address is the
#     maximum limit for the native heap growth. Please use -XX:HeapBaseMinAddress
#     to set the Java Heap base and to place the Java Heap above 4GB virtual address.
# This output file may be truncated or incomplete.
#
#  Out of Memory Error (virtualSpaceNode.cpp:110), pid=11788, tid=14908
#
# JRE version: Java(TM) SE Runtime Environment (17.0.10+11) (build 17.0.10+11-LTS-240)
# Java VM: Java HotSpot(TM) 64-Bit Server VM (17.0.10+11-LTS-240, mixed mode, sharing, tiered, compressed oops, compressed class ptrs, g1 gc, windows-amd64)
# No core dump will be written. Minidumps are not enabled by default on client versions of Windows
#

---------------  S U M M A R Y ------------

Command Line: -XX:+ShowCodeDetailsInExceptionMessages -agentlib:jdwp=transport=dt_socket,suspend=y,address=localhost:60049 -javaagent:C:\Users\Dell\Desktop\eclipse-jee-2025-06-R-win32-x86_64\eclipse\configuration\org.eclipse.osgi\442\0\.cp\lib\javaagent-shaded.jar -Dfile.encoding=UTF-8 -Dstdout.encoding=UTF-8 -Dstderr.encoding=UTF-8 com.jsp.book.BookMyTicketApplication

Host: Intel(R) Core(TM) i5-6300U CPU @ 2.40GHz, 4 cores, 7G,  Windows 10 , 64 bit Build 19041 (10.0.19041.5915)
Time: Sat Nov 29 12:02:11 2025 India Standard Time elapsed time: 3.745287 seconds (0d 0h 0m 3s)

---------------  T H R E A D  ---------------

Current thread (0x000001cbce197ca0):  JavaThread "main" [_thread_in_vm, id=14908, stack(0x0000006081f00000,0x0000006082000000)]

Stack: [0x0000006081f00000,0x0000006082000000]
Native frames: (J=compiled Java code, j=interpreted, Vv=VM code, C=native code)
V  [jvm.dll+0x677a5a]
V  [jvm.dll+0x7d8b2d]
V  [jvm.dll+0x7da48e]
V  [jvm.dll+0x7daaf3]
V  [jvm.dll+0x2455ff]
V  [jvm.dll+0x7d483b]
V  [jvm.dll+0x61dc06]
V  [jvm.dll+0x61dc6a]
V  [jvm.dll+0x62049d]
V  [jvm.dll+0x61e5c6]
V  [jvm.dll+0x239c1f]
V  [jvm.dll+0x628365]
V  [jvm.dll+0x1e92ed]
V  [jvm.dll+0x1e98b5]
V  [jvm.dll+0x1ea1fb]
V  [jvm.dll+0x1dfa01]
V  [jvm.dll+0x53d58c]
V  [jvm.dll+0x1f031a]
V  [jvm.dll+0x75284d]
V  [jvm.dll+0x753c46]
V  [jvm.dll+0x753f78]
V  [jvm.dll+0x23d99b]
V  [jvm.dll+0x37d60e]
C  0x000001cbdcf977f7

Java frames: (J=compiled Java code, j=interpreted, Vv=VM code)
j  sun.security.util.DerInputStream.getDerValue()Lsun/security/util/DerValue;+0 java.base@17.0.10
j  sun.security.util.DerInputStream.getSequence(I)[Lsun/security/util/DerValue;+1 java.base@17.0.10
j  sun.security.pkcs.ContentInfo.<init>(Lsun/security/util/DerInputStream;Z)V+6 java.base@17.0.10
j  sun.security.pkcs.PKCS7.parse(Lsun/security/util/DerInputStream;Z)V+6 java.base@17.0.10
j  sun.security.pkcs.PKCS7.parse(Lsun/security/util/DerInputStream;)V+11 java.base@17.0.10
j  sun.security.pkcs.PKCS7.<init>([B)V+50 java.base@17.0.10
j  sun.security.util.SignatureFileVerifier.<init>(Ljava/util/ArrayList;Lsun/security/util/ManifestDigester;Ljava/lang/String;[B)V+40 java.base@17.0.10
j  java.util.jar.JarVerifier.processEntry(Lsun/security/util/ManifestEntryVerifier;)V+319 java.base@17.0.10
j  java.util.jar.JarVerifier.update(I[BIILsun/security/util/ManifestEntryVerifier;)V+39 java.base@17.0.10
j  java.util.jar.JarFile.initializeVerifier()V+164 java.base@17.0.10
j  java.util.jar.JarFile.ensureInitialization()V+41 java.base@17.0.10
j  java.util.jar.JavaUtilJarAccessImpl.ensureInitialization(Ljava/util/jar/JarFile;)V+1 java.base@17.0.10
j  jdk.internal.loader.URLClassPath$JarLoader$2.getManifest()Ljava/util/jar/Manifest;+10 java.base@17.0.10
j  jdk.internal.loader.BuiltinClassLoader.defineClass(Ljava/lang/String;Ljdk/internal/loader/Resource;)Ljava/lang/Class;+29 java.base@17.0.10
j  jdk.internal.loader.BuiltinClassLoader.findClassOnClassPathOrNull(Ljava/lang/String;)Ljava/lang/Class;+37 java.base@17.0.10
j  jdk.internal.loader.BuiltinClassLoader.loadClassOrNull(Ljava/lang/String;Z)Ljava/lang/Class;+111 java.base@17.0.10
j  jdk.internal.loader.BuiltinClassLoader.loadClass(Ljava/lang/String;Z)Ljava/lang/Class;+3 java.base@17.0.10
j  jdk.internal.loader.ClassLoaders$AppClassLoader.loadClass(Ljava/lang/String;Z)Ljava/lang/Class;+36 java.base@17.0.10
j  java.lang.ClassLoader.loadClass(Ljava/lang/String;)Ljava/lang/Class;+3 java.base@17.0.10
j  sun.instrument.InstrumentationImpl.loadClassAndStartAgent(Ljava/lang/String;Ljava/lang/String;Ljava/lang/String;)V+8 java.instrument@17.0.10
j  sun.instrument.InstrumentationImpl.loadClassAndCallPremain(Ljava/lang/String;Ljava/lang/String;)V+6 java.instrument@17.0.10
v  ~StubRoutines::call_stub

---------------  P R O C E S S  ---------------

Threads class SMR info:
_java_thread_list=0x000001cbebd4ef70, length=14, elements={
0x000001cbce197ca0, 0x000001cbeba19010, 0x000001cbeba1a540, 0x000001cbeba2a9b0,
0x000001cbeba2e7a0, 0x000001cbeba2f070, 0x000001cbeba2f940, 0x000001cbeba30540,
0x000001cbeba315f0, 0x000001cbebbb2840, 0x000001cbeba00fb0, 0x000001cbebcd4a80,
0x000001cbebcd5730, 0x000001cbebcd5e30
}
_to_delete_list=0x000001cbebd4f2d0, length=13, elements={
0x000001cbce197ca0, 0x000001cbeba19010, 0x000001cbeba1a540, 0x000001cbeba2a9b0,
0x000001cbeba2e7a0, 0x000001cbeba2f070, 0x000001cbeba2f940, 0x000001cbeba30540,
0x000001cbeba315f0, 0x000001cbebbb2840, 0x000001cbeba00fb0, 0x000001cbebcd4a80,
0x000001cbebcd5730
}

Java Threads: ( => current thread )
=>0x000001cbce197ca0 JavaThread "main" [_thread_in_vm, id=14908, stack(0x0000006081f00000,0x0000006082000000)]
  0x000001cbeba19010 JavaThread "Reference Handler" daemon [_thread_blocked, id=4268, stack(0x0000006082600000,0x0000006082700000)]
  0x000001cbeba1a540 JavaThread "Finalizer" daemon [_thread_blocked, id=13184, stack(0x0000006082700000,0x0000006082800000)]
  0x000001cbeba2a9b0 JavaThread "Signal Dispatcher" daemon [_thread_blocked, id=16764, stack(0x0000006082800000,0x0000006082900000)]
  0x000001cbeba2e7a0 JavaThread "Attach Listener" daemon [_thread_blocked, id=6616, stack(0x0000006082900000,0x0000006082a00000)]
  0x000001cbeba2f070 JavaThread "Service Thread" daemon [_thread_blocked, id=9708, stack(0x0000006082a00000,0x0000006082b00000)]
  0x000001cbeba2f940 JavaThread "Monitor Deflation Thread" daemon [_thread_blocked, id=1936, stack(0x0000006082b00000,0x0000006082c00000)]
  0x000001cbeba30540 JavaThread "C2 CompilerThread0" daemon [_thread_blocked, id=756, stack(0x0000006082c00000,0x0000006082d00000)]
  0x000001cbeba315f0 JavaThread "C1 CompilerThread0" daemon [_thread_blocked, id=6172, stack(0x0000006082d00000,0x0000006082e00000)]
  0x000001cbebbb2840 JavaThread "Sweeper thread" daemon [_thread_blocked, id=1592, stack(0x0000006082e00000,0x0000006082f00000)]
  0x000001cbeba00fb0 JavaThread "Common-Cleaner" daemon [_thread_blocked, id=14584, stack(0x0000006082f00000,0x0000006083000000)]
  0x000001cbebcd4a80 JavaThread "JDWP Transport Listener: dt_socket" daemon [_thread_blocked, id=6328, stack(0x0000006083000000,0x0000006083100000)]
  0x000001cbebcd5730 JavaThread "JDWP Event Helper Thread" daemon [_thread_blocked, id=4976, stack(0x0000006083100000,0x0000006083200000)]
  0x000001cbebcd5e30 JavaThread "JDWP Command Reader" daemon [_thread_in_native, id=8116, stack(0x0000006083200000,0x0000006083300000)]

Other Threads:
  0x000001cbeba13490 VMThread "VM Thread" [stack: 0x0000006082500000,0x0000006082600000] [id=604]
  0x000001cbce1f0ab0 GCTaskThread "GC Thread#0" [stack: 0x0000006082000000,0x0000006082100000] [id=7692]
  0x000001cbce2035f0 ConcurrentGCThread "G1 Main Marker" [stack: 0x0000006082100000,0x0000006082200000] [id=10164]
  0x000001cbce2047f0 ConcurrentGCThread "G1 Conc#0" [stack: 0x0000006082200000,0x0000006082300000] [id=16152]
  0x000001cbce258300 ConcurrentGCThread "G1 Refine#0" [stack: 0x0000006082300000,0x0000006082400000] [id=16084]
  0x000001cbeb8d1850 ConcurrentGCThread "G1 Service" [stack: 0x0000006082400000,0x0000006082500000] [id=8556]

Threads with active compile tasks:

VM state: not at safepoint (normal execution)

VM Mutex/Monitor currently owned by a thread:  ([mutex/lock_event])
[0x000001cbce1914a0] Metaspace_lock - owner thread: 0x000001cbce197ca0

Heap address: 0x0000000081a00000, size: 2022 MB, Compressed Oops mode: 32-bit

CDS archive(s) mapped at: [0x000001cb80000000-0x000001cb80bd0000-0x000001cb80bd0000), size 12386304, SharedBaseAddress: 0x000001cb80000000, ArchiveRelocationMode: 1.
Compressed class space mapped at: 0x000001cb81000000-0x000001cbc1000000, reserved size: 1073741824
Narrow klass base: 0x000001cb80000000, Narrow klass shift: 0, Narrow klass range: 0x100000000

GC Precious Log:
 CPUs: 4 total, 4 available
 Memory: 8083M
 Large Page Support: Disabled
 NUMA Support: Disabled
 Compressed Oops: Enabled (32-bit)
 Heap Region Size: 1M
 Heap Min Capacity: 8M
 Heap Initial Capacity: 128M
 Heap Max Capacity: 2022M
 Pre-touch: Disabled
 Parallel Workers: 4
 Concurrent Workers: 1
 Concurrent Refinement Workers: 4
 Periodic GC: Disabled

Heap:
 garbage-first heap   total 131072K, used 9216K [0x0000000081a00000, 0x0000000100000000)
  region size 1024K, 9 young (9216K), 0 survivors (0K)
 Metaspace       used 883K, committed 1024K, reserved 1114112K
  class space    used 50K, committed 128K, reserved 1048576K

Heap Regions: E=young(eden), S=young(survivor), O=old, HS=humongous(starts), HC=humongous(continues), CS=collection set, F=free, OA=open archive, CA=closed archive, TAMS=top-at-mark-start (previous, next)
|   0|0x0000000081a00000, 0x0000000081b00000, 0x0000000081b00000|100%|HS|  |TAMS 0x0000000081a00000, 0x0000000081a00000| Complete 
|   1|0x0000000081b00000, 0x0000000081c00000, 0x0000000081c00000|100%|HS|  |TAMS 0x0000000081b00000, 0x0000000081b00000| Complete 
|   2|0x0000000081c00000, 0x0000000081c00000, 0x0000000081d00000|  0%| F|  |TAMS 0x0000000081c00000, 0x0000000081c00000| Untracked 
|   3|0x0000000081d00000, 0x0000000081d00000, 0x0000000081e00000|  0%| F|  |TAMS 0x0000000081d00000, 0x0000000081d00000| Untracked 
|   4|0x0000000081e00000, 0x0000000081e00000, 0x0000000081f00000|  0%| F|  |TAMS 0x0000000081e00000, 0x0000000081e00000| Untracked 
|   5|0x0000000081f00000, 0x0000000081f00000, 0x0000000082000000|  0%| F|  |TAMS 0x0000000081f00000, 0x0000000081f00000| Untracked 
|   6|0x0000000082000000, 0x0000000082000000, 0x0000000082100000|  0%| F|  |TAMS 0x0000000082000000, 0x0000000082000000| Untracked 
|   7|0x0000000082100000, 0x0000000082100000, 0x0000000082200000|  0%| F|  |TAMS 0x0000000082100000, 0x0000000082100000| Untracked 
|   8|0x0000000082200000, 0x0000000082200000, 0x0000000082300000|  0%| F|  |TAMS 0x0000000082200000, 0x0000000082200000| Untracked 
|   9|0x0000000082300000, 0x0000000082300000, 0x0000000082400000|  0%| F|  |TAMS 0x0000000082300000, 0x0000000082300000| Untracked 
|  10|0x0000000082400000, 0x0000000082400000, 0x0000000082500000|  0%| F|  |TAMS 0x0000000082400000, 0x0000000082400000| Untracked 
|  11|0x0000000082500000, 0x0000000082500000, 0x0000000082600000|  0%| F|  |TAMS 0x0000000082500000, 0x0000000082500000| Untracked 
|  12|0x0000000082600000, 0x0000000082600000, 0x0000000082700000|  0%| F|  |TAMS 0x0000000082600000, 0x0000000082600000| Untracked 
|  13|0x0000000082700000, 0x0000000082700000, 0x0000000082800000|  0%| F|  |TAMS 0x0000000082700000, 0x0000000082700000| Untracked 
|  14|0x0000000082800000, 0x0000000082800000, 0x0000000082900000|  0%| F|  |TAMS 0x0000000082800000, 0x0000000082800000| Untracked 
|  15|0x0000000082900000, 0x0000000082900000, 0x0000000082a00000|  0%| F|  |TAMS 0x0000000082900000, 0x0000000082900000| Untracked 
|  16|0x0000000082a00000, 0x0000000082a00000, 0x0000000082b00000|  0%| F|  |TAMS 0x0000000082a00000, 0x0000000082a00000| Untracked 
|  17|0x0000000082b00000, 0x0000000082b00000, 0x0000000082c00000|  0%| F|  |TAMS 0x0000000082b00000, 0x0000000082b00000| Untracked 
|  18|0x0000000082c00000, 0x0000000082c00000, 0x0000000082d00000|  0%| F|  |TAMS 0x0000000082c00000, 0x0000000082c00000| Untracked 
|  19|0x0000000082d00000, 0x0000000082d00000, 0x0000000082e00000|  0%| F|  |TAMS 0x0000000082d00000, 0x0000000082d00000| Untracked 
|  20|0x0000000082e00000, 0x0000000082e00000, 0x0000000082f00000|  0%| F|  |TAMS 0x0000000082e00000, 0x0000000082e00000| Untracked 
|  21|0x0000000082f00000, 0x0000000082f00000, 0x0000000083000000|  0%| F|  |TAMS 0x0000000082f00000, 0x0000000082f00000| Untracked 
|  22|0x0000000083000000, 0x0000000083000000, 0x0000000083100000|  0%| F|  |TAMS 0x0000000083000000, 0x0000000083000000| Untracked 
|  23|0x0000000083100000, 0x0000000083100000, 0x0000000083200000|  0%| F|  |TAMS 0x0000000083100000, 0x0000000083100000| Untracked 
|  24|0x0000000083200000, 0x0000000083200000, 0x0000000083300000|  0%| F|  |TAMS 0x0000000083200000, 0x0000000083200000| Untracked 
|  25|0x0000000083300000, 0x0000000083300000, 0x0000000083400000|  0%| F|  |TAMS 0x0000000083300000, 0x0000000083300000| Untracked 
|  26|0x0000000083400000, 0x0000000083400000, 0x0000000083500000|  0%| F|  |TAMS 0x0000000083400000, 0x0000000083400000| Untracked 
|  27|0x0000000083500000, 0x0000000083500000, 0x0000000083600000|  0%| F|  |TAMS 0x0000000083500000, 0x0000000083500000| Untracked 
|  28|0x0000000083600000, 0x0000000083600000, 0x0000000083700000|  0%| F|  |TAMS 0x0000000083600000, 0x0000000083600000| Untracked 
|  29|0x0000000083700000, 0x0000000083700000, 0x0000000083800000|  0%| F|  |TAMS 0x0000000083700000, 0x0000000083700000| Untracked 
|  30|0x0000000083800000, 0x0000000083800000, 0x0000000083900000|  0%| F|  |TAMS 0x0000000083800000, 0x0000000083800000| Untracked 
|  31|0x0000000083900000, 0x0000000083900000, 0x0000000083a00000|  0%| F|  |TAMS 0x0000000083900000, 0x0000000083900000| Untracked 
|  32|0x0000000083a00000, 0x0000000083a00000, 0x0000000083b00000|  0%| F|  |TAMS 0x0000000083a00000, 0x0000000083a00000| Untracked 
|  33|0x0000000083b00000, 0x0000000083b00000, 0x0000000083c00000|  0%| F|  |TAMS 0x0000000083b00000, 0x0000000083b00000| Untracked 
|  34|0x0000000083c00000, 0x0000000083c00000, 0x0000000083d00000|  0%| F|  |TAMS 0x0000000083c00000, 0x0000000083c00000| Untracked 
|  35|0x0000000083d00000, 0x0000000083d00000, 0x0000000083e00000|  0%| F|  |TAMS 0x0000000083d00000, 0x0000000083d00000| Untracked 
|  36|0x0000000083e00000, 0x0000000083e00000, 0x0000000083f00000|  0%| F|  |TAMS 0x0000000083e00000, 0x0000000083e00000| Untracked 
|  37|0x0000000083f00000, 0x0000000083f00000, 0x0000000084000000|  0%| F|  |TAMS 0x0000000083f00000, 0x0000000083f00000| Untracked 
|  38|0x0000000084000000, 0x0000000084000000, 0x0000000084100000|  0%| F|  |TAMS 0x0000000084000000, 0x0000000084000000| Untracked 
|  39|0x0000000084100000, 0x0000000084100000, 0x0000000084200000|  0%| F|  |TAMS 0x0000000084100000, 0x0000000084100000| Untracked 
|  40|0x0000000084200000, 0x0000000084200000, 0x0000000084300000|  0%| F|  |TAMS 0x0000000084200000, 0x0000000084200000| Untracked 
|  41|0x0000000084300000, 0x0000000084300000, 0x0000000084400000|  0%| F|  |TAMS 0x0000000084300000, 0x0000000084300000| Untracked 
|  42|0x0000000084400000, 0x0000000084400000, 0x0000000084500000|  0%| F|  |TAMS 0x0000000084400000, 0x0000000084400000| Untracked 
|  43|0x0000000084500000, 0x0000000084500000, 0x0000000084600000|  0%| F|  |TAMS 0x0000000084500000, 0x0000000084500000| Untracked 
|  44|0x0000000084600000, 0x0000000084600000, 0x0000000084700000|  0%| F|  |TAMS 0x0000000084600000, 0x0000000084600000| Untracked 
|  45|0x0000000084700000, 0x0000000084700000, 0x0000000084800000|  0%| F|  |TAMS 0x0000000084700000, 0x0000000084700000| Untracked 
|  46|0x0000000084800000, 0x0000000084800000, 0x0000000084900000|  0%| F|  |TAMS 0x0000000084800000, 0x0000000084800000| Untracked 
|  47|0x0000000084900000, 0x0000000084900000, 0x0000000084a00000|  0%| F|  |TAMS 0x0000000084900000, 0x0000000084900000| Untracked 
|  48|0x0000000084a00000, 0x0000000084a00000, 0x0000000084b00000|  0%| F|  |TAMS 0x0000000084a00000, 0x0000000084a00000| Untracked 
|  49|0x0000000084b00000, 0x0000000084b00000, 0x0000000084c00000|  0%| F|  |TAMS 0x0000000084b00000, 0x0000000084b00000| Untracked 
|  50|0x0000000084c00000, 0x0000000084c00000, 0x0000000084d00000|  0%| F|  |TAMS 0x0000000084c00000, 0x0000000084c00000| Untracked 
|  51|0x0000000084d00000, 0x0000000084d00000, 0x0000000084e00000|  0%| F|  |TAMS 0x0000000084d00000, 0x0000000084d00000| Untracked 
|  52|0x0000000084e00000, 0x0000000084e00000, 0x0000000084f00000|  0%| F|  |TAMS 0x0000000084e00000, 0x0000000084e00000| Untracked 
|  53|0x0000000084f00000, 0x0000000084f00000, 0x0000000085000000|  0%| F|  |TAMS 0x0000000084f00000, 0x0000000084f00000| Untracked 
|  54|0x0000000085000000, 0x0000000085000000, 0x0000000085100000|  0%| F|  |TAMS 0x0000000085000000, 0x0000000085000000| Untracked 
|  55|0x0000000085100000, 0x0000000085100000, 0x0000000085200000|  0%| F|  |TAMS 0x0000000085100000, 0x0000000085100000| Untracked 
|  56|0x0000000085200000, 0x0000000085200000, 0x0000000085300000|  0%| F|  |TAMS 0x0000000085200000, 0x0000000085200000| Untracked 
|  57|0x0000000085300000, 0x0000000085300000, 0x0000000085400000|  0%| F|  |TAMS 0x0000000085300000, 0x0000000085300000| Untracked 
|  58|0x0000000085400000, 0x0000000085400000, 0x0000000085500000|  0%| F|  |TAMS 0x0000000085400000, 0x0000000085400000| Untracked 
|  59|0x0000000085500000, 0x0000000085500000, 0x0000000085600000|  0%| F|  |TAMS 0x0000000085500000, 0x0000000085500000| Untracked 
|  60|0x0000000085600000, 0x0000000085600000, 0x0000000085700000|  0%| F|  |TAMS 0x0000000085600000, 0x0000000085600000| Untracked 
|  61|0x0000000085700000, 0x0000000085700000, 0x0000000085800000|  0%| F|  |TAMS 0x0000000085700000, 0x0000000085700000| Untracked 
|  62|0x0000000085800000, 0x0000000085800000, 0x0000000085900000|  0%| F|  |TAMS 0x0000000085800000, 0x0000000085800000| Untracked 
|  63|0x0000000085900000, 0x0000000085900000, 0x0000000085a00000|  0%| F|  |TAMS 0x0000000085900000, 0x0000000085900000| Untracked 
|  64|0x0000000085a00000, 0x0000000085a00000, 0x0000000085b00000|  0%| F|  |TAMS 0x0000000085a00000, 0x0000000085a00000| Untracked 
|  65|0x0000000085b00000, 0x0000000085b00000, 0x0000000085c00000|  0%| F|  |TAMS 0x0000000085b00000, 0x0000000085b00000| Untracked 
|  66|0x0000000085c00000, 0x0000000085c00000, 0x0000000085d00000|  0%| F|  |TAMS 0x0000000085c00000, 0x0000000085c00000| Untracked 
|  67|0x0000000085d00000, 0x0000000085d00000, 0x0000000085e00000|  0%| F|  |TAMS 0x0000000085d00000, 0x0000000085d00000| Untracked 
|  68|0x0000000085e00000, 0x0000000085e00000, 0x0000000085f00000|  0%| F|  |TAMS 0x0000000085e00000, 0x0000000085e00000| Untracked 
|  69|0x0000000085f00000, 0x0000000085f00000, 0x0000000086000000|  0%| F|  |TAMS 0x0000000085f00000, 0x0000000085f00000| Untracked 
|  70|0x0000000086000000, 0x0000000086000000, 0x0000000086100000|  0%| F|  |TAMS 0x0000000086000000, 0x0000000086000000| Untracked 
|  71|0x0000000086100000, 0x0000000086100000, 0x0000000086200000|  0%| F|  |TAMS 0x0000000086100000, 0x0000000086100000| Untracked 
|  72|0x0000000086200000, 0x0000000086200000, 0x0000000086300000|  0%| F|  |TAMS 0x0000000086200000, 0x0000000086200000| Untracked 
|  73|0x0000000086300000, 0x0000000086300000, 0x0000000086400000|  0%| F|  |TAMS 0x0000000086300000, 0x0000000086300000| Untracked 
|  74|0x0000000086400000, 0x0000000086400000, 0x0000000086500000|  0%| F|  |TAMS 0x0000000086400000, 0x0000000086400000| Untracked 
|  75|0x0000000086500000, 0x0000000086500000, 0x0000000086600000|  0%| F|  |TAMS 0x0000000086500000, 0x0000000086500000| Untracked 
|  76|0x0000000086600000, 0x0000000086600000, 0x0000000086700000|  0%| F|  |TAMS 0x0000000086600000, 0x0000000086600000| Untracked 
|  77|0x0000000086700000, 0x0000000086700000, 0x0000000086800000|  0%| F|  |TAMS 0x0000000086700000, 0x0000000086700000| Untracked 
|  78|0x0000000086800000, 0x0000000086800000, 0x0000000086900000|  0%| F|  |TAMS 0x0000000086800000, 0x0000000086800000| Untracked 
|  79|0x0000000086900000, 0x0000000086900000, 0x0000000086a00000|  0%| F|  |TAMS 0x0000000086900000, 0x0000000086900000| Untracked 
|  80|0x0000000086a00000, 0x0000000086a00000, 0x0000000086b00000|  0%| F|  |TAMS 0x0000000086a00000, 0x0000000086a00000| Untracked 
|  81|0x0000000086b00000, 0x0000000086b00000, 0x0000000086c00000|  0%| F|  |TAMS 0x0000000086b00000, 0x0000000086b00000| Untracked 
|  82|0x0000000086c00000, 0x0000000086c00000, 0x0000000086d00000|  0%| F|  |TAMS 0x0000000086c00000, 0x0000000086c00000| Untracked 
|  83|0x0000000086d00000, 0x0000000086d00000, 0x0000000086e00000|  0%| F|  |TAMS 0x0000000086d00000, 0x0000000086d00000| Untracked 
|  84|0x0000000086e00000, 0x0000000086e00000, 0x0000000086f00000|  0%| F|  |TAMS 0x0000000086e00000, 0x0000000086e00000| Untracked 
|  85|0x0000000086f00000, 0x0000000086f00000, 0x0000000087000000|  0%| F|  |TAMS 0x0000000086f00000, 0x0000000086f00000| Untracked 
|  86|0x0000000087000000, 0x0000000087000000, 0x0000000087100000|  0%| F|  |TAMS 0x0000000087000000, 0x0000000087000000| Untracked 
|  87|0x0000000087100000, 0x0000000087100000, 0x0000000087200000|  0%| F|  |TAMS 0x0000000087100000, 0x0000000087100000| Untracked 
|  88|0x0000000087200000, 0x0000000087200000, 0x0000000087300000|  0%| F|  |TAMS 0x0000000087200000, 0x0000000087200000| Untracked 
|  89|0x0000000087300000, 0x0000000087300000, 0x0000000087400000|  0%| F|  |TAMS 0x0000000087300000, 0x0000000087300000| Untracked 
|  90|0x0000000087400000, 0x0000000087400000, 0x0000000087500000|  0%| F|  |TAMS 0x0000000087400000, 0x0000000087400000| Untracked 
|  91|0x0000000087500000, 0x0000000087500000, 0x0000000087600000|  0%| F|  |TAMS 0x0000000087500000, 0x0000000087500000| Untracked 
|  92|0x0000000087600000, 0x0000000087600000, 0x0000000087700000|  0%| F|  |TAMS 0x0000000087600000, 0x0000000087600000| Untracked 
|  93|0x0000000087700000, 0x0000000087700000, 0x0000000087800000|  0%| F|  |TAMS 0x0000000087700000, 0x0000000087700000| Untracked 
|  94|0x0000000087800000, 0x0000000087800000, 0x0000000087900000|  0%| F|  |TAMS 0x0000000087800000, 0x0000000087800000| Untracked 
|  95|0x0000000087900000, 0x0000000087900000, 0x0000000087a00000|  0%| F|  |TAMS 0x0000000087900000, 0x0000000087900000| Untracked 
|  96|0x0000000087a00000, 0x0000000087a00000, 0x0000000087b00000|  0%| F|  |TAMS 0x0000000087a00000, 0x0000000087a00000| Untracked 
|  97|0x0000000087b00000, 0x0000000087b00000, 0x0000000087c00000|  0%| F|  |TAMS 0x0000000087b00000, 0x0000000087b00000| Untracked 
|  98|0x0000000087c00000, 0x0000000087c00000, 0x0000000087d00000|  0%| F|  |TAMS 0x0000000087c00000, 0x0000000087c00000| Untracked 
|  99|0x0000000087d00000, 0x0000000087d00000, 0x0000000087e00000|  0%| F|  |TAMS 0x0000000087d00000, 0x0000000087d00000| Untracked 
| 100|0x0000000087e00000, 0x0000000087e00000, 0x0000000087f00000|  0%| F|  |TAMS 0x0000000087e00000, 0x0000000087e00000| Untracked 
| 101|0x0000000087f00000, 0x0000000087f00000, 0x0000000088000000|  0%| F|  |TAMS 0x0000000087f00000, 0x0000000087f00000| Untracked 
| 102|0x0000000088000000, 0x0000000088000000, 0x0000000088100000|  0%| F|  |TAMS 0x0000000088000000, 0x0000000088000000| Untracked 
| 103|0x0000000088100000, 0x0000000088100000, 0x0000000088200000|  0%| F|  |TAMS 0x0000000088100000, 0x0000000088100000| Untracked 
| 104|0x0000000088200000, 0x0000000088200000, 0x0000000088300000|  0%| F|  |TAMS 0x0000000088200000, 0x0000000088200000| Untracked 
| 105|0x0000000088300000, 0x0000000088300000, 0x0000000088400000|  0%| F|  |TAMS 0x0000000088300000, 0x0000000088300000| Untracked 
| 106|0x0000000088400000, 0x0000000088400000, 0x0000000088500000|  0%| F|  |TAMS 0x0000000088400000, 0x0000000088400000| Untracked 
| 107|0x0000000088500000, 0x0000000088500000, 0x0000000088600000|  0%| F|  |TAMS 0x0000000088500000, 0x0000000088500000| Untracked 
| 108|0x0000000088600000, 0x0000000088600000, 0x0000000088700000|  0%| F|  |TAMS 0x0000000088600000, 0x0000000088600000| Untracked 
| 109|0x0000000088700000, 0x0000000088700000, 0x0000000088800000|  0%| F|  |TAMS 0x0000000088700000, 0x0000000088700000| Untracked 
| 110|0x0000000088800000, 0x0000000088800000, 0x0000000088900000|  0%| F|  |TAMS 0x0000000088800000, 0x0000000088800000| Untracked 
| 111|0x0000000088900000, 0x0000000088900000, 0x0000000088a00000|  0%| F|  |TAMS 0x0000000088900000, 0x0000000088900000| Untracked 
| 112|0x0000000088a00000, 0x0000000088a00000, 0x0000000088b00000|  0%| F|  |TAMS 0x0000000088a00000, 0x0000000088a00000| Untracked 
| 113|0x0000000088b00000, 0x0000000088b00000, 0x0000000088c00000|  0%| F|  |TAMS 0x0000000088b00000, 0x0000000088b00000| Untracked 
| 114|0x0000000088c00000, 0x0000000088c00000, 0x0000000088d00000|  0%| F|  |TAMS 0x0000000088c00000, 0x0000000088c00000| Untracked 
| 115|0x0000000088d00000, 0x0000000088d00000, 0x0000000088e00000|  0%| F|  |TAMS 0x0000000088d00000, 0x0000000088d00000| Untracked 
| 116|0x0000000088e00000, 0x0000000088e00000, 0x0000000088f00000|  0%| F|  |TAMS 0x0000000088e00000, 0x0000000088e00000| Untracked 
| 117|0x0000000088f00000, 0x0000000088f00000, 0x0000000089000000|  0%| F|  |TAMS 0x0000000088f00000, 0x0000000088f00000| Untracked 
| 118|0x0000000089000000, 0x0000000089000000, 0x0000000089100000|  0%| F|  |TAMS 0x0000000089000000, 0x0000000089000000| Untracked 
| 119|0x0000000089100000, 0x0000000089143128, 0x0000000089200000| 26%| E|  |TAMS 0x0000000089100000, 0x0000000089100000| Complete 
| 120|0x0000000089200000, 0x0000000089300000, 0x0000000089300000|100%| E|CS|TAMS 0x0000000089200000, 0x0000000089200000| Complete 
| 121|0x0000000089300000, 0x0000000089400000, 0x0000000089400000|100%| E|CS|TAMS 0x0000000089300000, 0x0000000089300000| Complete 
| 122|0x0000000089400000, 0x0000000089500000, 0x0000000089500000|100%| E|CS|TAMS 0x0000000089400000, 0x0000000089400000| Complete 
| 123|0x0000000089500000, 0x0000000089600000, 0x0000000089600000|100%| E|CS|TAMS 0x0000000089500000, 0x0000000089500000| Complete 
| 124|0x0000000089600000, 0x0000000089700000, 0x0000000089700000|100%| E|  |TAMS 0x0000000089600000, 0x0000000089600000| Complete 
| 125|0x0000000089700000, 0x0000000089800000, 0x0000000089800000|100%| E|CS|TAMS 0x0000000089700000, 0x0000000089700000| Complete 
| 126|0x0000000089800000, 0x0000000089900000, 0x0000000089900000|100%| E|CS|TAMS 0x0000000089800000, 0x0000000089800000| Complete 
| 127|0x0000000089900000, 0x0000000089a00000, 0x0000000089a00000|100%| E|CS|TAMS 0x0000000089900000, 0x0000000089900000| Complete 

Card table byte_map: [0x000001cbe4e40000,0x000001cbe5240000] _byte_map_base: 0x000001cbe4a33000

Marking Bits (Prev, Next): (CMBitMap*) 0x000001cbce1f1ff0, (CMBitMap*) 0x000001cbce1f2030
 Prev Bits: [0x000001cbe5640000, 0x000001cbe75d8000)
 Next Bits: [0x000001cbe75e0000, 0x000001cbe9578000)

Polling page: 0x000001cbcc100000

Metaspace:

Usage:
  Non-class:    833.08 KB used.
      Class:     50.72 KB used.
       Both:    883.80 KB used.

Virtual space:
  Non-class space:       64.00 MB reserved,     896.00 KB (  1%) committed,  1 nodes.
      Class space:        1.00 GB reserved,     128.00 KB ( <1%) committed,  1 nodes.
             Both:        1.06 GB reserved,       1.00 MB ( <1%) committed. 

Chunk freelists:
   Non-Class:  12.00 MB
       Class:  15.75 MB
        Both:  27.75 MB

MaxMetaspaceSize: unlimited
CompressedClassSpaceSize: 1.00 GB
Initial GC threshold: 21.00 MB
Current GC threshold: 21.00 MB
CDS: on
MetaspaceReclaimPolicy: balanced
 - commit_granule_bytes: 65536.
 - commit_granule_words: 8192.
 - virtual_space_node_default_size: 8388608.
 - enlarge_chunks_in_place: 1.
 - new_chunks_are_fully_committed: 0.
 - uncommit_free_chunks: 1.
 - use_allocation_guard: 0.
 - handle_deallocations: 1.


Internal statistics:

num_allocs_failed_limit: 0.
num_arena_births: 4.
num_arena_deaths: 0.
num_vsnodes_births: 2.
num_vsnodes_deaths: 0.
num_space_committed: 16.
num_space_uncommitted: 0.
num_chunks_returned_to_freelist: 0.
num_chunks_taken_from_freelist: 5.
num_chunk_merges: 0.
num_chunk_splits: 3.
num_chunks_enlarged: 1.
num_inconsistent_stats: 0.

CodeHeap 'non-profiled nmethods': size=120000Kb used=124Kb max_used=124Kb free=119875Kb
 bounds [0x000001cbdd510000, 0x000001cbdd780000, 0x000001cbe4a40000]
CodeHeap 'profiled nmethods': size=120000Kb used=624Kb max_used=624Kb free=119375Kb
 bounds [0x000001cbd5a40000, 0x000001cbd5cb0000, 0x000001cbdcf70000]
CodeHeap 'non-nmethods': size=5760Kb used=1170Kb max_used=1183Kb free=4589Kb
 bounds [0x000001cbdcf70000, 0x000001cbdd1e0000, 0x000001cbdd510000]
 total_blobs=776 nmethods=400 adapters=289
 compilation: enabled
              stopped_count=0, restarted_count=0
 full_count=0

Compilation events (20 events):
Event: 3.527 Thread 0x000001cbeba315f0  396       3       java.lang.StringLatin1::toUpperCase (186 bytes)
Event: 3.528 Thread 0x000001cbeba315f0 nmethod 396 0x000001cbd5ad2e90 code [0x000001cbd5ad3120, 0x000001cbd5ad3c98]
Event: 3.537 Thread 0x000001cbeba30540  397       4       jdk.internal.misc.Unsafe::putReferenceRelease (9 bytes)
Event: 3.538 Thread 0x000001cbeba30540 nmethod 397 0x000001cbdd52e790 code [0x000001cbdd52e900, 0x000001cbdd52ea58]
Event: 3.539 Thread 0x000001cbeba30540  398       4       java.util.concurrent.ConcurrentHashMap::tabAt (22 bytes)
Event: 3.540 Thread 0x000001cbeba30540 nmethod 398 0x000001cbdd52eb10 code [0x000001cbdd52ec80, 0x000001cbdd52ecd8]
Event: 3.543 Thread 0x000001cbeba315f0  399       3       java.lang.String::toUpperCase (29 bytes)
Event: 3.543 Thread 0x000001cbeba315f0 nmethod 399 0x000001cbd5ad4110 code [0x000001cbd5ad42e0, 0x000001cbd5ad45b8]
Event: 3.544 Thread 0x000001cbeba315f0  400       3       java.util.Objects::nonNull (10 bytes)
Event: 3.544 Thread 0x000001cbeba315f0 nmethod 400 0x000001cbd5ad4690 code [0x000001cbd5ad4820, 0x000001cbd5ad4978]
Event: 3.545 Thread 0x000001cbeba315f0  401       3       sun.security.util.KnownOIDs::register (349 bytes)
Event: 3.550 Thread 0x000001cbeba315f0 nmethod 401 0x000001cbd5ad4a10 code [0x000001cbd5ad5340, 0x000001cbd5ad99f8]
Event: 3.551 Thread 0x000001cbeba315f0  402       3       java.util.AbstractList::<init> (10 bytes)
Event: 3.551 Thread 0x000001cbeba315f0 nmethod 402 0x000001cbd5adb310 code [0x000001cbd5adb4c0, 0x000001cbd5adb698]
Event: 3.576 Thread 0x000001cbeba30540  403       4       java.lang.CharacterDataLatin1::toUpperCaseEx (71 bytes)
Event: 3.577 Thread 0x000001cbeba315f0  404       3       java.util.HashMap$EntryIterator::next (5 bytes)
Event: 3.577 Thread 0x000001cbeba30540 nmethod 403 0x000001cbdd52ee10 code [0x000001cbdd52ef80, 0x000001cbdd52f098]
Event: 3.577 Thread 0x000001cbeba315f0 nmethod 404 0x000001cbd5adb790 code [0x000001cbd5adb940, 0x000001cbd5adbae8]
Event: 3.578 Thread 0x000001cbeba315f0  405  s    3       java.util.Properties::put (10 bytes)
Event: 3.578 Thread 0x000001cbeba315f0 nmethod 405 0x000001cbd5adbb90 code [0x000001cbd5adbd40, 0x000001cbd5adbfe8]

GC Heap History (0 events):
No events

Deoptimization events (8 events):
Event: 2.425 Thread 0x000001cbce197ca0 Uncommon trap: trap_request=0xffffff45 fr.pc=0x000001cbdd51d1c0 relative=0x0000000000000760
Event: 2.425 Thread 0x000001cbce197ca0 Uncommon trap: reason=unstable_if action=reinterpret pc=0x000001cbdd51d1c0 method=java.util.HashMap.putVal(ILjava/lang/Object;Ljava/lang/Object;ZZ)Ljava/lang/Object; @ 69 c2
Event: 2.425 Thread 0x000001cbce197ca0 DEOPT PACKING pc=0x000001cbdd51d1c0 sp=0x0000006081ffe890
Event: 2.425 Thread 0x000001cbce197ca0 DEOPT UNPACKING pc=0x000001cbdcfc23a3 sp=0x0000006081ffe850 mode 2
Event: 2.444 Thread 0x000001cbce197ca0 DEOPT PACKING pc=0x000001cbd5a49fea sp=0x0000006081ffdd60
Event: 2.444 Thread 0x000001cbce197ca0 DEOPT UNPACKING pc=0x000001cbdcfc2b43 sp=0x0000006081ffd180 mode 0
Event: 3.354 Thread 0x000001cbce197ca0 DEOPT PACKING pc=0x000001cbd5a94167 sp=0x0000006081ffe4d0
Event: 3.354 Thread 0x000001cbce197ca0 DEOPT UNPACKING pc=0x000001cbdcfc2b43 sp=0x0000006081ffd9c0 mode 0

Classes unloaded (0 events):
No events

Classes redefined (0 events):
No events

Internal exceptions (0 events):
No events

VM Operations (8 events):
Event: 1.561 Executing VM operation: HandshakeAllThreads
Event: 1.561 Executing VM operation: HandshakeAllThreads done
Event: 1.993 Executing VM operation: ChangeBreakpoints
Event: 2.159 Executing VM operation: ChangeBreakpoints done
Event: 2.166 Executing VM operation: ChangeBreakpoints
Event: 2.166 Executing VM operation: ChangeBreakpoints done
Event: 3.181 Executing VM operation: Cleanup
Event: 3.196 Executing VM operation: Cleanup done

Events (20 events):
Event: 3.502 loading class sun/security/util/KnownOIDs$7 done
Event: 3.502 loading class sun/security/util/KnownOIDs$8
Event: 3.502 loading class sun/security/util/KnownOIDs$8 done
Event: 3.502 loading class sun/security/util/KnownOIDs$9
Event: 3.502 loading class sun/security/util/KnownOIDs$9 done
Event: 3.502 loading class sun/security/util/KnownOIDs$10
Event: 3.502 loading class sun/security/util/KnownOIDs$10 done
Event: 3.552 loading class java/util/LinkedHashMap$LinkedKeySet
Event: 3.552 loading class java/util/LinkedHashMap$LinkedKeySet done
Event: 3.552 loading class java/util/LinkedHashMap$LinkedKeyIterator
Event: 3.552 loading class java/util/LinkedHashMap$LinkedKeyIterator done
Event: 3.579 loading class sun/security/pkcs/PKCS7
Event: 3.581 loading class sun/security/pkcs/PKCS7 done
Event: 3.581 loading class sun/security/util/DerInputStream
Event: 3.582 loading class sun/security/util/DerInputStream done
Event: 3.582 loading class sun/security/pkcs/ContentInfo
Event: 3.582 loading class sun/security/pkcs/ContentInfo done
Event: 3.582 loading class sun/security/util/ObjectIdentifier
Event: 3.582 loading class sun/security/util/ObjectIdentifier done
Event: 3.583 loading class sun/security/util/DerValue


Dynamic libraries:
0x00007ff727b60000 - 0x00007ff727b70000 	C:\Program Files\Java\jdk-17\bin\javaw.exe
0x00007fffa2f30000 - 0x00007fffa3128000 	C:\Windows\SYSTEM32\ntdll.dll
0x00007fffa2e20000 - 0x00007fffa2ee2000 	C:\Windows\System32\KERNEL32.DLL
0x00007fffa06c0000 - 0x00007fffa09b6000 	C:\Windows\System32\KERNELBASE.dll
0x00007fffa05c0000 - 0x00007fffa06c0000 	C:\Windows\System32\ucrtbase.dll
0x00007fff9c880000 - 0x00007fff9c899000 	C:\Program Files\Java\jdk-17\bin\jli.dll
0x00007fffa0f50000 - 0x00007fffa1001000 	C:\Windows\System32\ADVAPI32.dll
0x00007fffa2400000 - 0x00007fffa249e000 	C:\Windows\System32\msvcrt.dll
0x00007fffa1b00000 - 0x00007fffa1b9f000 	C:\Windows\System32\sechost.dll
0x00007fffa1750000 - 0x00007fffa1870000 	C:\Windows\System32\RPCRT4.dll
0x00007fffa0c20000 - 0x00007fffa0c47000 	C:\Windows\System32\bcrypt.dll
0x00007fffa1950000 - 0x00007fffa1af1000 	C:\Windows\System32\USER32.dll
0x00007fffa0b60000 - 0x00007fffa0b82000 	C:\Windows\System32\win32u.dll
0x00007fffa2cb0000 - 0x00007fffa2cdb000 	C:\Windows\System32\GDI32.dll
0x00007fffa0a40000 - 0x00007fffa0b59000 	C:\Windows\System32\gdi32full.dll
0x00007fffa0d00000 - 0x00007fffa0d9d000 	C:\Windows\System32\msvcp_win.dll
0x00007fff99be0000 - 0x00007fff99bfb000 	C:\Program Files\Java\jdk-17\bin\VCRUNTIME140.dll
0x00007fff8af30000 - 0x00007fff8b1cb000 	C:\Windows\WinSxS\amd64_microsoft.windows.common-controls_6595b64144ccf1df_6.0.19041.6456_none_60b8a6cb71f64256\COMCTL32.dll
0x00007fff96480000 - 0x00007fff9648a000 	C:\Windows\SYSTEM32\VERSION.dll
0x00007fffa2c80000 - 0x00007fffa2caf000 	C:\Windows\System32\IMM32.DLL
0x00007fff9a3a0000 - 0x00007fff9a3ac000 	C:\Program Files\Java\jdk-17\bin\vcruntime140_1.dll
0x00007fff8cfd0000 - 0x00007fff8d05e000 	C:\Program Files\Java\jdk-17\bin\msvcp140.dll
0x00007fff33d40000 - 0x00007fff3491f000 	C:\Program Files\Java\jdk-17\bin\server\jvm.dll
0x00007fffa1ba0000 - 0x00007fffa1ba8000 	C:\Windows\System32\PSAPI.DLL
0x00007fff884c0000 - 0x00007fff884c9000 	C:\Windows\SYSTEM32\WSOCK32.dll
0x00007fffa2390000 - 0x00007fffa23fb000 	C:\Windows\System32\WS2_32.dll
0x00007fff8b410000 - 0x00007fff8b437000 	C:\Windows\SYSTEM32\WINMM.dll
0x00007fff9edd0000 - 0x00007fff9ede2000 	C:\Windows\SYSTEM32\kernel.appcore.dll
0x00007fff99bd0000 - 0x00007fff99bda000 	C:\Program Files\Java\jdk-17\bin\jimage.dll
0x00007fff9da50000 - 0x00007fff9dc51000 	C:\Windows\SYSTEM32\DBGHELP.DLL
0x00007fff93d20000 - 0x00007fff93d54000 	C:\Windows\SYSTEM32\dbgcore.DLL
0x00007fffa0b90000 - 0x00007fffa0c12000 	C:\Windows\System32\bcryptPrimitives.dll
0x00007fff8d240000 - 0x00007fff8d27b000 	C:\Program Files\Java\jdk-17\bin\jdwp.dll
0x00007fff99bc0000 - 0x00007fff99bce000 	C:\Program Files\Java\jdk-17\bin\instrument.dll
0x00007fff8e090000 - 0x00007fff8e0b5000 	C:\Program Files\Java\jdk-17\bin\java.dll
0x00007fff8cef0000 - 0x00007fff8cfc7000 	C:\Program Files\Java\jdk-17\bin\jsvml.dll
0x00007fffa2510000 - 0x00007fffa2c80000 	C:\Windows\System32\SHELL32.dll
0x00007fff9e5e0000 - 0x00007fff9ed85000 	C:\Windows\SYSTEM32\windows.storage.dll
0x00007fffa1bb0000 - 0x00007fffa1f04000 	C:\Windows\System32\combase.dll
0x00007fff9ff80000 - 0x00007fff9ffab000 	C:\Windows\SYSTEM32\Wldp.dll
0x00007fffa1420000 - 0x00007fffa14ed000 	C:\Windows\System32\OLEAUT32.dll
0x00007fffa14f0000 - 0x00007fffa159d000 	C:\Windows\System32\SHCORE.dll
0x00007fffa11a0000 - 0x00007fffa11fb000 	C:\Windows\System32\shlwapi.dll
0x00007fffa04f0000 - 0x00007fffa0514000 	C:\Windows\SYSTEM32\profapi.dll
0x00007fff99bb0000 - 0x00007fff99bbc000 	C:\Program Files\Java\jdk-17\bin\dt_socket.dll
0x00007fff9f950000 - 0x00007fff9f98b000 	C:\Windows\SYSTEM32\IPHLPAPI.DLL
0x00007fff9fc70000 - 0x00007fff9fcda000 	C:\Windows\system32\mswsock.dll
0x00007fff9f990000 - 0x00007fff9fa5a000 	C:\Windows\SYSTEM32\DNSAPI.dll
0x00007fffa2380000 - 0x00007fffa2388000 	C:\Windows\System32\NSI.dll
0x00007fff98f90000 - 0x00007fff98f9a000 	C:\Windows\System32\rasadhlp.dll
0x00007fff8e400000 - 0x00007fff8e480000 	C:\Windows\System32\fwpuclnt.dll
0x00007fff99710000 - 0x00007fff99728000 	C:\Program Files\Java\jdk-17\bin\zip.dll
0x00007fff8ced0000 - 0x00007fff8cee9000 	C:\Program Files\Java\jdk-17\bin\net.dll
0x00007fff8fa00000 - 0x00007fff8fb0a000 	C:\Windows\SYSTEM32\WINHTTP.dll
0x00007fff8ceb0000 - 0x00007fff8cec6000 	C:\Program Files\Java\jdk-17\bin\nio.dll

dbghelp: loaded successfully - version: 4.0.5 - missing functions: none
symbol engine: initialized successfully - sym options: 0x614 - pdb path: .;C:\Program Files\Java\jdk-17\bin;C:\Windows\SYSTEM32;C:\Windows\WinSxS\amd64_microsoft.windows.common-controls_6595b64144ccf1df_6.0.19041.6456_none_60b8a6cb71f64256;C:\Program Files\Java\jdk-17\bin\server

VM Arguments:
jvm_args: -XX:+ShowCodeDetailsInExceptionMessages -agentlib:jdwp=transport=dt_socket,suspend=y,address=localhost:60049 -javaagent:C:\Users\Dell\Desktop\eclipse-jee-2025-06-R-win32-x86_64\eclipse\configuration\org.eclipse.osgi\442\0\.cp\lib\javaagent-shaded.jar -Dfile.encoding=UTF-8 -Dstdout.encoding=UTF-8 -Dstderr.encoding=UTF-8 
java_command: com.jsp.book.BookMyTicketApplication
java_class_path (initial): C:\Users\Dell\Desktop\Java Program\book-my-ticket\target\classes;C:\Users\Dell\.m2\repository\org\springframework\boot\spring-boot-starter-data-jpa\4.0.0\spring-boot-starter-data-jpa-4.0.0.jar;C:\Users\Dell\.m2\repository\org\springframework\boot\spring-boot-starter\4.0.0\spring-boot-starter-4.0.0.jar;C:\Users\Dell\.m2\repository\org\springframework\boot\spring-boot-starter-logging\4.0.0\spring-boot-starter-logging-4.0.0.jar;C:\Users\Dell\.m2\repository\ch\qos\logback\logback-classic\1.5.21\logback-classic-1.5.21.jar;C:\Users\Dell\.m2\repository\ch\qos\logback\logback-core\1.5.21\logback-core-1.5.21.jar;C:\Users\Dell\.m2\repository\org\apache\logging\log4j\log4j-to-slf4j\2.25.2\log4j-to-slf4j-2.25.2.jar;C:\Users\Dell\.m2\repository\org\apache\logging\log4j\log4j-api\2.25.2\log4j-api-2.25.2.jar;C:\Users\Dell\.m2\repository\org\slf4j\jul-to-slf4j\2.0.17\jul-to-slf4j-2.0.17.jar;C:\Users\Dell\.m2\repository\jakarta\annotation\jakarta.annotation-api\3.0.0\jakarta.annotation-api-3.0.0.jar;C:\Users\Dell\.m2\repository\org\yaml\snakeyaml\2.5\snakeyaml-2.5.jar;C:\Users\Dell\.m2\repository\org\springframework\boot\spring-boot-starter-jdbc\4.0.0\spring-boot-starter-jdbc-4.0.0.jar;C:\Users\Dell\.m2\repository\com\zaxxer\HikariCP\7.0.2\HikariCP-7.0.2.jar;C:\Users\Dell\.m2\repository\org\slf4j\slf4j-api\2.0.17\slf4j-api-2.0.17.jar;C:\Users\Dell\.m2\repository\org\springframework\boot\spring-boot-data-jpa\4.0.0\spring-boot-data-jpa-4.0.0.jar;C:\Users\Dell\.m2\repository\org\springframework\boot\spring-boot-data-commons\4.0.0\spring-boot-data-commons-4.0.0.jar;C:\Users\Dell\.m2\repository\org\springframework\boot\spring-boot-persistence\4.0.0\spring-boot-persistence-4.0.0.jar;C:\Users\Dell\.m2\repository\org\springframework\data\spring-data-commons\4.0.0\spring-data-commons-4.0.0.jar;C:\Users\Dell\.m2\repository\org\springframework\boot\spring-boot-hibernate\4.0.0\spring-boot-hibernate-4.0.0.jar;C:\Users\Dell\.m2\repository\org\springframework\boot\spri
Launcher Type: SUN_STANDARD

[Global flags]
     intx CICompilerCount                          = 3                                         {product} {ergonomic}
     uint ConcGCThreads                            = 1                                         {product} {ergonomic}
     uint G1ConcRefinementThreads                  = 4                                         {product} {ergonomic}
   size_t G1HeapRegionSize                         = 1048576                                   {product} {ergonomic}
    uintx GCDrainStackTargetSize                   = 64                                        {product} {ergonomic}
   size_t InitialHeapSize                          = 134217728                                 {product} {ergonomic}
   size_t MarkStackSize                            = 4194304                                   {product} {ergonomic}
   size_t MaxHeapSize                              = 2120220672                                {product} {ergonomic}
   size_t MaxNewSize                               = 1271922688                                {product} {ergonomic}
   size_t MinHeapDeltaBytes                        = 1048576                                   {product} {ergonomic}
   size_t MinHeapSize                              = 8388608                                   {product} {ergonomic}
    uintx NonNMethodCodeHeapSize                   = 5832780                                {pd product} {ergonomic}
    uintx NonProfiledCodeHeapSize                  = 122912730                              {pd product} {ergonomic}
    uintx ProfiledCodeHeapSize                     = 122912730                              {pd product} {ergonomic}
    uintx ReservedCodeCacheSize                    = 251658240                              {pd product} {ergonomic}
     bool SegmentedCodeCache                       = true                                      {product} {ergonomic}
     bool ShowCodeDetailsInExceptionMessages       = true                                   {manageable} {command line}
   size_t SoftMaxHeapSize                          = 2120220672                             {manageable} {ergonomic}
     bool UseCompressedClassPointers               = true                           {product lp64_product} {ergonomic}
     bool UseCompressedOops                        = true                           {product lp64_product} {ergonomic}
     bool UseG1GC                                  = true                                      {product} {ergonomic}
     bool UseLargePagesIndividualAllocation        = false                                  {pd product} {ergonomic}

Logging:
Log output configuration:
 #0: stdout all=warning uptime,level,tags
 #1: stderr all=off uptime,level,tags

Environment Variables:
PATH=C:/Users/Dell/Desktop/eclipse-jee-2025-06-R-win32-x86_64/eclipse//plugins/org.eclipse.justj.openjdk.hotspot.jre.full.win32.x86_64_21.0.7.v20250502-0916/jre/bin/server;C:/Users/Dell/Desktop/eclipse-jee-2025-06-R-win32-x86_64/eclipse//plugins/org.eclipse.justj.openjdk.hotspot.jre.full.win32.x86_64_21.0.7.v20250502-0916/jre/bin;C:\Program Files\Common Files\Oracle\Java\javapath;D:\app\Dell\product\11.2.0\dbhome_1\bin;C:\Windows\system32;C:\Windows;C:\Windows\System32\Wbem;C:\Windows\System32\WindowsPowerShell\v1.0\;C:\Windows\System32\OpenSSH\;c:\Xilinx\bin\nt;C:\Users\Dell\Desktop\apache-maven-3.9.11\bin;C:\Program Files\Java\jdk-17\bin;C:\Users\Dell\Downloads\terraform_1.13.4_windows_386;C:\Program Files\Git\cmd;C:\Program Files\nodejs\;C:\Program Files\Redis\;C:\Program Files\MySQL\MySQL Shell 8.0\bin\;C:\Users\Dell\AppData\Local\Microsoft\WindowsApps;C:\Users\Dell\AppData\Local\Programs\Microsoft VS Code\bin;C:\Users\Dell\AppData\Roaming\npm;C:\Users\Dell\Desktop\eclipse-jee-2025-06-R-win32-x86_64\eclipse;
USERNAME=Dell
OS=Windows_NT
PROCESSOR_IDENTIFIER=Intel64 Family 6 Model 78 Stepping 3, GenuineIntel



---------------  S Y S T E M  ---------------

OS:
 Windows 10 , 64 bit Build 19041 (10.0.19041.5915)
OS uptime: 8 days 12:42 hours

CPU: total 4 (initial active 4) (2 cores per cpu, 2 threads per core) family 6 model 78 stepping 3 microcode 0xf0, cx8, cmov, fxsr, ht, mmx, 3dnowpref, sse, sse2, sse3, ssse3, sse4.1, sse4.2, popcnt, lzcnt, tsc, tscinvbit, avx, avx2, aes, erms, clmul, bmi1, bmi2, rtm, adx, fma, vzeroupper, clflush, clflushopt

Memory: 4k page, system-wide physical 8083M (1659M free)
TotalPageFile size 10131M (AvailPageFile size 200M)
current process WorkingSet (physical memory assigned to process): 49M, peak: 49M
current process commit charge ("private bytes"): 208M, peak: 208M

vm_info: Java HotSpot(TM) 64-Bit Server VM (17.0.10+11-LTS-240) for windows-amd64 JRE (17.0.10+11-LTS-240), built on Dec 19 2023 21:47:25 by "mach5one" with MS VC++ 17.1 (VS2022)

END.
