#
# There is insufficient memory for the Java Runtime Environment to continue.
# Native memory allocation (malloc) failed to allocate 1540336 bytes for Chunk::new
# Possible reasons:
#   The system is out of physical RAM or swap space
#   The process is running with CompressedOops enabled, and the Java Heap may be blocking the growth of the native heap
# Possible solutions:
#   Reduce memory load on the system
#   Increase physical memory or swap space
#   Check if swap backing store is full
#   Decrease Java heap size (-Xmx/-Xms)
#   Decrease number of Java threads
#   Decrease Java thread stack sizes (-Xss)
#   Set larger code cache with -XX:ReservedCodeCacheSize=
#   JVM is running with Unscaled Compressed Oops mode in which the Java heap is
#     placed in the first 4GB address space. The Java Heap base address is the
#     maximum limit for the native heap growth. Please use -XX:HeapBaseMinAddress
#     to set the Java Heap base and to place the Java Heap above 4GB virtual address.
# This output file may be truncated or incomplete.
#
#  Out of Memory Error (arena.cpp:189), pid=9348, tid=9512
#
# JRE version: Java(TM) SE Runtime Environment (17.0.10+11) (build 17.0.10+11-LTS-240)
# Java VM: Java HotSpot(TM) 64-Bit Server VM (17.0.10+11-LTS-240, mixed mode, sharing, tiered, compressed oops, compressed class ptrs, g1 gc, windows-amd64)
# No core dump will be written. Minidumps are not enabled by default on client versions of Windows
#

---------------  S U M M A R Y ------------

Command Line: -Dfile.encoding=UTF-8 -Dstdout.encoding=UTF-8 -Dstderr.encoding=UTF-8 -XX:+ShowCodeDetailsInExceptionMessages com.jsp.book.BookMyTicketApplication

Host: Intel(R) Core(TM) i5-6300U CPU @ 2.40GHz, 4 cores, 7G,  Windows 10 , 64 bit Build 19041 (10.0.19041.7291)
Time: Thu Jun 18 20:13:54 2026 India Standard Time elapsed time: 10.219846 seconds (0d 0h 0m 10s)

---------------  T H R E A D  ---------------

Current thread (0x0000018fd08cb020):  JavaThread "C2 CompilerThread1" daemon [_thread_in_native, id=9512, stack(0x0000001a84300000,0x0000001a84400000)]


Current CompileTask:
C2:  10219 4987   !   4       jdk.internal.loader.BuiltinClassLoader::defineOrCheckPackage (94 bytes)

Stack: [0x0000001a84300000,0x0000001a84400000]
Native frames: (J=compiled Java code, j=interpreted, Vv=VM code, C=native code)
V  [jvm.dll+0x677a5a]
V  [jvm.dll+0x7d8b2d]
V  [jvm.dll+0x7da48e]
V  [jvm.dll+0x7daaf3]
V  [jvm.dll+0x2455ff]
V  [jvm.dll+0xaaafb]
V  [jvm.dll+0xab09c]
V  [jvm.dll+0x361b5f]
V  [jvm.dll+0x32c211]
V  [jvm.dll+0x32b6aa]
V  [jvm.dll+0x21794f]
V  [jvm.dll+0x216d81]
V  [jvm.dll+0x1a3410]
V  [jvm.dll+0x226aeb]
V  [jvm.dll+0x224cab]
V  [jvm.dll+0x78e45c]
V  [jvm.dll+0x78888a]
V  [jvm.dll+0x676935]
C  [ucrtbase.dll+0x21bb2]
C  [KERNEL32.DLL+0x17374]
C  [ntdll.dll+0x4cc91]


---------------  P R O C E S S  ---------------

Threads class SMR info:
_java_thread_list=0x0000018fd223cb80, length=21, elements={
0x0000018fea21bfc0, 0x0000018ffaadfaa0, 0x0000018ffaae0830, 0x0000018ffaaef450,
0x0000018ffaaf0f30, 0x0000018ffaaf3810, 0x0000018ffaaf40e0, 0x0000018ffaaf4ce0,
0x0000018ffab5f2e0, 0x0000018fff010060, 0x0000018fff1f3160, 0x0000018fff211090,
0x0000018fd051e5a0, 0x0000018fd0520e20, 0x0000018fd08cb020, 0x0000018fd051fef0,
0x0000018fd051efc0, 0x0000018fd051e090, 0x0000018fd051f4d0, 0x0000018fd051f9e0,
0x0000018fd3855de0
}

Java Threads: ( => current thread )
  0x0000018fea21bfc0 JavaThread "main" [_thread_blocked, id=14008, stack(0x0000001a83000000,0x0000001a83100000)]
  0x0000018ffaadfaa0 JavaThread "Reference Handler" daemon [_thread_blocked, id=12992, stack(0x0000001a83700000,0x0000001a83800000)]
  0x0000018ffaae0830 JavaThread "Finalizer" daemon [_thread_blocked, id=7392, stack(0x0000001a83800000,0x0000001a83900000)]
  0x0000018ffaaef450 JavaThread "Signal Dispatcher" daemon [_thread_blocked, id=10684, stack(0x0000001a83900000,0x0000001a83a00000)]
  0x0000018ffaaf0f30 JavaThread "Attach Listener" daemon [_thread_blocked, id=6276, stack(0x0000001a83a00000,0x0000001a83b00000)]
  0x0000018ffaaf3810 JavaThread "Service Thread" daemon [_thread_blocked, id=11852, stack(0x0000001a83b00000,0x0000001a83c00000)]
  0x0000018ffaaf40e0 JavaThread "Monitor Deflation Thread" daemon [_thread_blocked, id=10608, stack(0x0000001a83c00000,0x0000001a83d00000)]
  0x0000018ffaaf4ce0 JavaThread "C2 CompilerThread0" daemon [_thread_in_native, id=4052, stack(0x0000001a83d00000,0x0000001a83e00000)]
  0x0000018ffab5f2e0 JavaThread "C1 CompilerThread0" daemon [_thread_in_vm, id=15116, stack(0x0000001a83e00000,0x0000001a83f00000)]
  0x0000018fff010060 JavaThread "Sweeper thread" daemon [_thread_blocked, id=3188, stack(0x0000001a83f00000,0x0000001a84000000)]
  0x0000018fff1f3160 JavaThread "Notification Thread" daemon [_thread_blocked, id=13756, stack(0x0000001a84000000,0x0000001a84100000)]
  0x0000018fff211090 JavaThread "Common-Cleaner" daemon [_thread_blocked, id=9488, stack(0x0000001a84200000,0x0000001a84300000)]
  0x0000018fd051e5a0 JavaThread "Thread-0" [_thread_blocked, id=1592, stack(0x0000001a84700000,0x0000001a84800000)]
  0x0000018fd0520e20 JavaThread "restartedMain" [_thread_in_native, id=7604, stack(0x0000001a84800000,0x0000001a84900000)]
=>0x0000018fd08cb020 JavaThread "C2 CompilerThread1" daemon [_thread_in_native, id=9512, stack(0x0000001a84300000,0x0000001a84400000)]
  0x0000018fd051fef0 JavaThread "Catalina-utility-1" [_thread_blocked, id=7596, stack(0x0000001a84900000,0x0000001a84a00000)]
  0x0000018fd051efc0 JavaThread "Catalina-utility-2" [_thread_blocked, id=988, stack(0x0000001a84a00000,0x0000001a84b00000)]
  0x0000018fd051e090 JavaThread "container-0" [_thread_blocked, id=14648, stack(0x0000001a84b00000,0x0000001a84c00000)]
  0x0000018fd051f4d0 JavaThread "mysql-cj-abandoned-connection-cleanup" daemon [_thread_blocked, id=8744, stack(0x0000001a84c00000,0x0000001a84d00000)]
  0x0000018fd051f9e0 JavaThread "HikariPool-1:housekeeper" daemon [_thread_blocked, id=14440, stack(0x0000001a84e00000,0x0000001a84f00000)]
  0x0000018fd3855de0 JavaThread "HikariPool-1:connection-adder" daemon [_thread_blocked, id=6200, stack(0x0000001a84f00000,0x0000001a85000000)]

Other Threads:
  0x0000018ffaada6c0 VMThread "VM Thread" [stack: 0x0000001a83600000,0x0000001a83700000] [id=10556]
  0x0000018fec2d1d40 WatcherThread [stack: 0x0000001a84100000,0x0000001a84200000] [id=2940]
  0x0000018fec2b3ea0 GCTaskThread "GC Thread#0" [stack: 0x0000001a83100000,0x0000001a83200000] [id=10784]
  0x0000018fd03c1ab0 GCTaskThread "GC Thread#1" [stack: 0x0000001a84400000,0x0000001a84500000] [id=10440]
  0x0000018fd00b41b0 GCTaskThread "GC Thread#2" [stack: 0x0000001a84500000,0x0000001a84600000] [id=13580]
  0x0000018fd010ee80 GCTaskThread "GC Thread#3" [stack: 0x0000001a84600000,0x0000001a84700000] [id=8916]
  0x0000018fec2c6170 ConcurrentGCThread "G1 Main Marker" [stack: 0x0000001a83200000,0x0000001a83300000] [id=748]
  0x0000018fec2c6a90 ConcurrentGCThread "G1 Conc#0" [stack: 0x0000001a83300000,0x0000001a83400000] [id=13680]
  0x0000018fec31ecb0 ConcurrentGCThread "G1 Refine#0" [stack: 0x0000001a83400000,0x0000001a83500000] [id=14520]
  0x0000018ffa993b10 ConcurrentGCThread "G1 Service" [stack: 0x0000001a83500000,0x0000001a83600000] [id=12656]

Threads with active compile tasks:
C2 CompilerThread0    10268 5434       4       java.net.URLStreamHandler::parseURL (1201 bytes)
C1 CompilerThread0    10268 5452   !   3       net.bytebuddy.description.annotation.AnnotationDescription$ForLoadedAnnotation::getValue (381 bytes)
C2 CompilerThread1    10268 4987   !   4       jdk.internal.loader.BuiltinClassLoader::defineOrCheckPackage (94 bytes)

VM state: not at safepoint (normal execution)

VM Mutex/Monitor currently owned by a thread:  ([mutex/lock_event])
[0x0000018fec25b110] Compile_lock - owner thread: 0x0000000000000000

Heap address: 0x0000000081a00000, size: 2022 MB, Compressed Oops mode: 32-bit

CDS archive(s) mapped at: [0x0000018f8f000000-0x0000018f8fbd0000-0x0000018f8fbd0000), size 12386304, SharedBaseAddress: 0x0000018f8f000000, ArchiveRelocationMode: 1.
Compressed class space mapped at: 0x0000018f90000000-0x0000018fd0000000, reserved size: 1073741824
Narrow klass base: 0x0000018f8f000000, Narrow klass shift: 0, Narrow klass range: 0x100000000

GC Precious Log:
 CPUs: 4 total, 4 available
 Memory: 8083M
 Large Page Support: Disabled
 NUMA Support: Disabled
 Compressed Oops: Enabled (32-bit)
 Heap Region Size: 1M
 Heap Min Capacity: 8M
 Heap Initial Capacity: 128M
 Heap Max Capacity: 2022M
 Pre-touch: Disabled
 Parallel Workers: 4
 Concurrent Workers: 1
 Concurrent Refinement Workers: 4
 Periodic GC: Disabled

Heap:
 garbage-first heap   total 86016K, used 33144K [0x0000000081a00000, 0x0000000100000000)
  region size 1024K, 6 young (6144K), 1 survivors (1024K)
 Metaspace       used 60688K, committed 61184K, reserved 1114112K
  class space    used 8149K, committed 8384K, reserved 1048576K

Heap Regions: E=young(eden), S=young(survivor), O=old, HS=humongous(starts), HC=humongous(continues), CS=collection set, F=free, OA=open archive, CA=closed archive, TAMS=top-at-mark-start (previous, next)
|   0|0x0000000081a00000, 0x0000000081b00000, 0x0000000081b00000|100%|HS|  |TAMS 0x0000000081b00000, 0x0000000081a00000| Complete 
|   1|0x0000000081b00000, 0x0000000081c00000, 0x0000000081c00000|100%|HS|  |TAMS 0x0000000081c00000, 0x0000000081b00000| Complete 
|   2|0x0000000081c00000, 0x0000000081d00000, 0x0000000081d00000|100%| O|  |TAMS 0x0000000081d00000, 0x0000000081c00000| Untracked 
|   3|0x0000000081d00000, 0x0000000081e00000, 0x0000000081e00000|100%| O|  |TAMS 0x0000000081e00000, 0x0000000081d00000| Untracked 
|   4|0x0000000081e00000, 0x0000000081f00000, 0x0000000081f00000|100%| O|  |TAMS 0x0000000081f00000, 0x0000000081e00000| Untracked 
|   5|0x0000000081f00000, 0x0000000082000000, 0x0000000082000000|100%| O|  |TAMS 0x0000000082000000, 0x0000000081f00000| Untracked 
|   6|0x0000000082000000, 0x0000000082100000, 0x0000000082100000|100%| O|  |TAMS 0x0000000082100000, 0x0000000082000000| Untracked 
|   7|0x0000000082100000, 0x00000000821fd600, 0x0000000082200000| 98%| O|  |TAMS 0x00000000821fd600, 0x0000000082100000| Untracked 
|   8|0x0000000082200000, 0x0000000082300000, 0x0000000082300000|100%| O|  |TAMS 0x0000000082300000, 0x0000000082200000| Untracked 
|   9|0x0000000082300000, 0x0000000082400000, 0x0000000082400000|100%| O|  |TAMS 0x0000000082400000, 0x0000000082300000| Untracked 
|  10|0x0000000082400000, 0x0000000082500000, 0x0000000082500000|100%| O|  |TAMS 0x0000000082500000, 0x0000000082400000| Untracked 
|  11|0x0000000082500000, 0x0000000082600000, 0x0000000082600000|100%| O|  |TAMS 0x0000000082600000, 0x0000000082500000| Untracked 
|  12|0x0000000082600000, 0x0000000082700000, 0x0000000082700000|100%| O|  |TAMS 0x0000000082700000, 0x0000000082600000| Untracked 
|  13|0x0000000082700000, 0x0000000082800000, 0x0000000082800000|100%| O|  |TAMS 0x0000000082800000, 0x0000000082700000| Untracked 
|  14|0x0000000082800000, 0x0000000082900000, 0x0000000082900000|100%| O|  |TAMS 0x0000000082900000, 0x0000000082800000| Untracked 
|  15|0x0000000082900000, 0x0000000082a00000, 0x0000000082a00000|100%| O|  |TAMS 0x0000000082a00000, 0x0000000082900000| Untracked 
|  16|0x0000000082a00000, 0x0000000082b00000, 0x0000000082b00000|100%| O|  |TAMS 0x0000000082b00000, 0x0000000082a00000| Untracked 
|  17|0x0000000082b00000, 0x0000000082c00000, 0x0000000082c00000|100%| O|  |TAMS 0x0000000082c00000, 0x0000000082b00000| Updating 
|  18|0x0000000082c00000, 0x0000000082d00000, 0x0000000082d00000|100%| O|  |TAMS 0x0000000082d00000, 0x0000000082c00000| Untracked 
|  19|0x0000000082d00000, 0x0000000082e00000, 0x0000000082e00000|100%| O|  |TAMS 0x0000000082e00000, 0x0000000082d00000| Untracked 
|  20|0x0000000082e00000, 0x0000000082f00000, 0x0000000082f00000|100%| O|  |TAMS 0x0000000082f00000, 0x0000000082e00000| Untracked 
|  21|0x0000000082f00000, 0x0000000082f1da00, 0x0000000083000000| 11%| O|  |TAMS 0x0000000082f1da00, 0x0000000082f00000| Updating 
|  22|0x0000000083000000, 0x0000000083100000, 0x0000000083100000|100%| O|  |TAMS 0x0000000083100000, 0x0000000083000000| Untracked 
|  23|0x0000000083100000, 0x0000000083200000, 0x0000000083200000|100%| O|  |TAMS 0x0000000083200000, 0x0000000083100000| Untracked 
|  24|0x0000000083200000, 0x0000000083300000, 0x0000000083300000|100%| O|  |TAMS 0x0000000083300000, 0x0000000083200000| Untracked 
|  25|0x0000000083300000, 0x0000000083400000, 0x0000000083400000|100%| O|  |TAMS 0x0000000083319600, 0x0000000083300000| Untracked 
|  26|0x0000000083400000, 0x0000000083500000, 0x0000000083500000|100%| O|  |TAMS 0x0000000083400000, 0x0000000083400000| Untracked 
|  27|0x0000000083500000, 0x0000000083600000, 0x0000000083600000|100%| O|  |TAMS 0x0000000083500000, 0x0000000083500000| Untracked 
|  28|0x0000000083600000, 0x00000000836aa200, 0x0000000083700000| 66%| O|  |TAMS 0x0000000083600000, 0x0000000083600000| Updating 
|  29|0x0000000083700000, 0x0000000083700000, 0x0000000083800000|  0%| F|  |TAMS 0x0000000083700000, 0x0000000083700000| Untracked 
|  30|0x0000000083800000, 0x0000000083800000, 0x0000000083900000|  0%| F|  |TAMS 0x0000000083800000, 0x0000000083800000| Untracked 
|  31|0x0000000083900000, 0x0000000083900000, 0x0000000083a00000|  0%| F|  |TAMS 0x0000000083900000, 0x0000000083900000| Untracked 
|  32|0x0000000083a00000, 0x0000000083a00000, 0x0000000083b00000|  0%| F|  |TAMS 0x0000000083a00000, 0x0000000083a00000| Untracked 
|  33|0x0000000083b00000, 0x0000000083b00000, 0x0000000083c00000|  0%| F|  |TAMS 0x0000000083b00000, 0x0000000083b00000| Untracked 
|  34|0x0000000083c00000, 0x0000000083c00000, 0x0000000083d00000|  0%| F|  |TAMS 0x0000000083c00000, 0x0000000083c00000| Untracked 
|  35|0x0000000083d00000, 0x0000000083d00000, 0x0000000083e00000|  0%| F|  |TAMS 0x0000000083d00000, 0x0000000083d00000| Untracked 
|  36|0x0000000083e00000, 0x0000000083e00000, 0x0000000083f00000|  0%| F|  |TAMS 0x0000000083e00000, 0x0000000083e00000| Untracked 
|  37|0x0000000083f00000, 0x0000000083f00000, 0x0000000084000000|  0%| F|  |TAMS 0x0000000083f00000, 0x0000000083f00000| Untracked 
|  38|0x0000000084000000, 0x0000000084000000, 0x0000000084100000|  0%| F|  |TAMS 0x0000000084000000, 0x0000000084000000| Untracked 
|  39|0x0000000084100000, 0x0000000084100000, 0x0000000084200000|  0%| F|  |TAMS 0x0000000084100000, 0x0000000084100000| Untracked 
|  40|0x0000000084200000, 0x0000000084200000, 0x0000000084300000|  0%| F|  |TAMS 0x0000000084200000, 0x0000000084200000| Untracked 
|  41|0x0000000084300000, 0x0000000084300000, 0x0000000084400000|  0%| F|  |TAMS 0x0000000084300000, 0x0000000084300000| Untracked 
|  42|0x0000000084400000, 0x0000000084400000, 0x0000000084500000|  0%| F|  |TAMS 0x0000000084400000, 0x0000000084400000| Untracked 
|  43|0x0000000084500000, 0x0000000084500000, 0x0000000084600000|  0%| F|  |TAMS 0x0000000084500000, 0x0000000084500000| Untracked 
|  44|0x0000000084600000, 0x0000000084600000, 0x0000000084700000|  0%| F|  |TAMS 0x0000000084600000, 0x0000000084600000| Untracked 
|  45|0x0000000084700000, 0x0000000084700000, 0x0000000084800000|  0%| F|  |TAMS 0x0000000084700000, 0x0000000084700000| Untracked 
|  46|0x0000000084800000, 0x0000000084800000, 0x0000000084900000|  0%| F|  |TAMS 0x0000000084800000, 0x0000000084800000| Untracked 
|  47|0x0000000084900000, 0x0000000084900000, 0x0000000084a00000|  0%| F|  |TAMS 0x0000000084900000, 0x0000000084900000| Untracked 
|  48|0x0000000084a00000, 0x0000000084a00000, 0x0000000084b00000|  0%| F|  |TAMS 0x0000000084a00000, 0x0000000084a00000| Untracked 
|  49|0x0000000084b00000, 0x0000000084b00000, 0x0000000084c00000|  0%| F|  |TAMS 0x0000000084b00000, 0x0000000084b00000| Untracked 
|  50|0x0000000084c00000, 0x0000000084c00000, 0x0000000084d00000|  0%| F|  |TAMS 0x0000000084c00000, 0x0000000084c00000| Untracked 
|  51|0x0000000084d00000, 0x0000000084d00000, 0x0000000084e00000|  0%| F|  |TAMS 0x0000000084d00000, 0x0000000084d00000| Untracked 
|  52|0x0000000084e00000, 0x0000000084e00000, 0x0000000084f00000|  0%| F|  |TAMS 0x0000000084e00000, 0x0000000084e00000| Untracked 
|  53|0x0000000084f00000, 0x0000000084f00000, 0x0000000085000000|  0%| F|  |TAMS 0x0000000084f00000, 0x0000000084f00000| Untracked 
|  54|0x0000000085000000, 0x0000000085000000, 0x0000000085100000|  0%| F|  |TAMS 0x0000000085000000, 0x0000000085000000| Untracked 
|  55|0x0000000085100000, 0x0000000085100000, 0x0000000085200000|  0%| F|  |TAMS 0x0000000085100000, 0x0000000085100000| Untracked 
|  56|0x0000000085200000, 0x0000000085200000, 0x0000000085300000|  0%| F|  |TAMS 0x0000000085200000, 0x0000000085200000| Untracked 
|  57|0x0000000085300000, 0x0000000085300000, 0x0000000085400000|  0%| F|  |TAMS 0x0000000085300000, 0x0000000085300000| Untracked 
|  58|0x0000000085400000, 0x0000000085400000, 0x0000000085500000|  0%| F|  |TAMS 0x0000000085400000, 0x0000000085400000| Untracked 
|  59|0x0000000085500000, 0x0000000085500000, 0x0000000085600000|  0%| F|  |TAMS 0x0000000085500000, 0x0000000085500000| Untracked 
|  60|0x0000000085600000, 0x0000000085600000, 0x0000000085700000|  0%| F|  |TAMS 0x0000000085600000, 0x0000000085600000| Untracked 
|  61|0x0000000085700000, 0x0000000085700000, 0x0000000085800000|  0%| F|  |TAMS 0x0000000085700000, 0x0000000085700000| Untracked 
|  62|0x0000000085800000, 0x0000000085800000, 0x0000000085900000|  0%| F|  |TAMS 0x0000000085800000, 0x0000000085800000| Untracked 
|  63|0x0000000085900000, 0x0000000085900000, 0x0000000085a00000|  0%| F|  |TAMS 0x0000000085900000, 0x0000000085900000| Untracked 
|  64|0x0000000085a00000, 0x0000000085a00000, 0x0000000085b00000|  0%| F|  |TAMS 0x0000000085a00000, 0x0000000085a00000| Untracked 
|  65|0x0000000085b00000, 0x0000000085b00000, 0x0000000085c00000|  0%| F|  |TAMS 0x0000000085b00000, 0x0000000085b00000| Untracked 
|  66|0x0000000085c00000, 0x0000000085c00000, 0x0000000085d00000|  0%| F|  |TAMS 0x0000000085c00000, 0x0000000085c00000| Untracked 
|  67|0x0000000085d00000, 0x0000000085d00000, 0x0000000085e00000|  0%| F|  |TAMS 0x0000000085d00000, 0x0000000085d00000| Untracked 
|  68|0x0000000085e00000, 0x0000000085e00000, 0x0000000085f00000|  0%| F|  |TAMS 0x0000000085e00000, 0x0000000085e00000| Untracked 
|  69|0x0000000085f00000, 0x0000000085f00000, 0x0000000086000000|  0%| F|  |TAMS 0x0000000085f00000, 0x0000000085f00000| Untracked 
|  70|0x0000000086000000, 0x0000000086000000, 0x0000000086100000|  0%| F|  |TAMS 0x0000000086000000, 0x0000000086000000| Untracked 
|  71|0x0000000086100000, 0x0000000086100000, 0x0000000086200000|  0%| F|  |TAMS 0x0000000086100000, 0x0000000086100000| Untracked 
|  72|0x0000000086200000, 0x0000000086200000, 0x0000000086300000|  0%| F|  |TAMS 0x0000000086200000, 0x0000000086200000| Untracked 
|  73|0x0000000086300000, 0x0000000086300000, 0x0000000086400000|  0%| F|  |TAMS 0x0000000086300000, 0x0000000086300000| Untracked 
|  74|0x0000000086400000, 0x0000000086400000, 0x0000000086500000|  0%| F|  |TAMS 0x0000000086400000, 0x0000000086400000| Untracked 
|  75|0x0000000086500000, 0x0000000086500000, 0x0000000086600000|  0%| F|  |TAMS 0x0000000086500000, 0x0000000086500000| Untracked 
|  76|0x0000000086600000, 0x0000000086600000, 0x0000000086700000|  0%| F|  |TAMS 0x0000000086600000, 0x0000000086600000| Untracked 
|  77|0x0000000086700000, 0x0000000086798ee0, 0x0000000086800000| 59%| S|CS|TAMS 0x0000000086700000, 0x0000000086700000| Complete 
|  78|0x0000000086800000, 0x0000000086800000, 0x0000000086900000|  0%| F|  |TAMS 0x0000000086800000, 0x0000000086800000| Untracked 
|  79|0x0000000086900000, 0x0000000086900800, 0x0000000086a00000|  0%| E|  |TAMS 0x0000000086900000, 0x0000000086900000| Complete 
|  80|0x0000000086a00000, 0x0000000086b00000, 0x0000000086b00000|100%| E|CS|TAMS 0x0000000086a00000, 0x0000000086a00000| Complete 
|  86|0x0000000087000000, 0x0000000087100000, 0x0000000087100000|100%| E|CS|TAMS 0x0000000087000000, 0x0000000087000000| Complete 
| 126|0x0000000089800000, 0x0000000089900000, 0x0000000089900000|100%| E|CS|TAMS 0x0000000089800000, 0x0000000089800000| Complete 
| 127|0x0000000089900000, 0x0000000089a00000, 0x0000000089a00000|100%| E|CS|TAMS 0x0000000089900000, 0x0000000089900000| Complete 

Card table byte_map: [0x0000018ff3f00000,0x0000018ff4300000] _byte_map_base: 0x0000018ff3af3000

Marking Bits (Prev, Next): (CMBitMap*) 0x0000018fec2b5420, (CMBitMap*) 0x0000018fec2b53e0
 Prev Bits: [0x0000018ff66a0000, 0x0000018ff8638000)
 Next Bits: [0x0000018ff4700000, 0x0000018ff6698000)

Polling page: 0x0000018feba20000

Metaspace:

Usage:
  Non-class:     51.31 MB used.
      Class:      7.96 MB used.
       Both:     59.27 MB used.

Virtual space:
  Non-class space:       64.00 MB reserved,      51.56 MB ( 81%) committed,  1 nodes.
      Class space:        1.00 GB reserved,       8.19 MB ( <1%) committed,  1 nodes.
             Both:        1.06 GB reserved,      59.75 MB (  5%) committed. 

Chunk freelists:
   Non-Class:  11.53 MB
       Class:  7.70 MB
        Both:  19.23 MB

MaxMetaspaceSize: unlimited
CompressedClassSpaceSize: 1.00 GB
Initial GC threshold: 21.00 MB
Current GC threshold: 99.62 MB
CDS: on
MetaspaceReclaimPolicy: balanced
 - commit_granule_bytes: 65536.
 - commit_granule_words: 8192.
 - virtual_space_node_default_size: 8388608.
 - enlarge_chunks_in_place: 1.
 - new_chunks_are_fully_committed: 0.
 - uncommit_free_chunks: 1.
 - use_allocation_guard: 0.
 - handle_deallocations: 1.


Internal statistics:

num_allocs_failed_limit: 15.
num_arena_births: 664.
num_arena_deaths: 0.
num_vsnodes_births: 2.
num_vsnodes_deaths: 0.
num_space_committed: 956.
num_space_uncommitted: 0.
num_chunks_returned_to_freelist: 15.
num_chunks_taken_from_freelist: 2740.
num_chunk_merges: 15.
num_chunk_splits: 2014.
num_chunks_enlarged: 1608.
num_inconsistent_stats: 0.

CodeHeap 'non-profiled nmethods': size=120000Kb used=2980Kb max_used=3219Kb free=117019Kb
 bounds [0x0000018f87ad0000, 0x0000018f87e00000, 0x0000018f8f000000]
CodeHeap 'profiled nmethods': size=120000Kb used=10014Kb max_used=11279Kb free=109985Kb
 bounds [0x0000018f80000000, 0x0000018f80b10000, 0x0000018f87530000]
CodeHeap 'non-nmethods': size=5760Kb used=1314Kb max_used=1390Kb free=4445Kb
 bounds [0x0000018f87530000, 0x0000018f877a0000, 0x0000018f87ad0000]
 total_blobs=5579 nmethods=4945 adapters=546
 compilation: enabled
              stopped_count=0, restarted_count=0
 full_count=0

Compilation events (20 events):
Event: 10.009 Thread 0x0000018fd08cb020 nmethod 5382 0x0000018f87df1790 code [0x0000018f87df1920, 0x0000018f87df1e88]
Event: 10.009 Thread 0x0000018fd08cb020 5377       4       java.util.Collections$UnmodifiableCollection$1::next (10 bytes)
Event: 10.010 Thread 0x0000018fd08cb020 nmethod 5377 0x0000018f87df2010 code [0x0000018f87df2180, 0x0000018f87df2218]
Event: 10.010 Thread 0x0000018fd08cb020 4987   !   4       jdk.internal.loader.BuiltinClassLoader::defineOrCheckPackage (94 bytes)
Event: 10.017 Thread 0x0000018ffaaf4ce0 nmethod 5383 0x0000018f87df2310 code [0x0000018f87df24a0, 0x0000018f87df2f68]
Event: 10.017 Thread 0x0000018ffaaf4ce0 5131       4       sun.security.util.math.intpoly.IntegerPolynomial25519::carryReduce (391 bytes)
Event: 10.019 Thread 0x0000018ffaaf4ce0 nmethod 5131 0x0000018f87df3190 code [0x0000018f87df3300, 0x0000018f87df3598]
Event: 10.019 Thread 0x0000018ffaaf4ce0 5132       4       sun.security.ec.XECOperations::bitAt (23 bytes)
Event: 10.020 Thread 0x0000018ffaaf4ce0 nmethod 5132 0x0000018f87df3710 code [0x0000018f87df3880, 0x0000018f87df3958]
Event: 10.020 Thread 0x0000018ffaaf4ce0 5254       4       org.hibernate.models.internal.AnnotationTargetSupport::hasDirectAnnotationUsage (13 bytes)
Event: 10.021 Thread 0x0000018ffaaf4ce0 nmethod 5254 0x0000018f87df3a10 code [0x0000018f87df3ba0, 0x0000018f87df3c58]
Event: 10.021 Thread 0x0000018ffaaf4ce0 4891       4       java.util.Collections$UnmodifiableCollection::contains (11 bytes)
Event: 10.029 Thread 0x0000018ffaaf4ce0 nmethod 4891 0x0000018f87df3d10 code [0x0000018f87df3e80, 0x0000018f87df3f18]
Event: 10.030 Thread 0x0000018ffaaf4ce0 5432       4       jdk.internal.ref.PhantomCleanable::clean (16 bytes)
Event: 10.036 Thread 0x0000018ffaaf4ce0 nmethod 5432 0x0000018f87df4010 code [0x0000018f87df41a0, 0x0000018f87df4748]
Event: 10.036 Thread 0x0000018ffaaf4ce0 5433       4       jdk.internal.misc.InnocuousThread::eraseThreadLocals (23 bytes)
Event: 10.038 Thread 0x0000018ffaaf4ce0 nmethod 5433 0x0000018f87df4910 code [0x0000018f87df4a80, 0x0000018f87df4bb8]
Event: 10.051 Thread 0x0000018ffaaf4ce0 5434       4       java.net.URLStreamHandler::parseURL (1201 bytes)
Event: 10.070 Thread 0x0000018ffab5f2e0 5435       3       java.util.regex.Pattern$CharProperty::study (29 bytes)
Event: 10.070 Thread 0x0000018ffab5f2e0 nmethod 5435 0x0000018f8007ef10 code [0x0000018f8007f0c0, 0x0000018f8007f2a8]

GC Heap History (20 events):
Event: 3.182 GC heap before
{Heap before GC invocations=3 (full 0):
 garbage-first heap   total 131072K, used 67124K [0x0000000081a00000, 0x0000000100000000)
  region size 1024K, 60 young (61440K), 3 survivors (3072K)
 Metaspace       used 21189K, committed 21504K, reserved 1114112K
  class space    used 2737K, committed 2880K, reserved 1048576K
}
Event: 3.192 GC heap after
{Heap after GC invocations=4 (full 0):
 garbage-first heap   total 131072K, used 14539K [0x0000000081a00000, 0x0000000100000000)
  region size 1024K, 7 young (7168K), 7 survivors (7168K)
 Metaspace       used 21189K, committed 21504K, reserved 1114112K
  class space    used 2737K, committed 2880K, reserved 1048576K
}
Event: 4.685 GC heap before
{Heap before GC invocations=5 (full 0):
 garbage-first heap   total 58368K, used 42187K [0x0000000081a00000, 0x0000000100000000)
  region size 1024K, 34 young (34816K), 7 survivors (7168K)
 Metaspace       used 24679K, committed 25152K, reserved 1114112K
  class space    used 3141K, committed 3392K, reserved 1048576K
}
Event: 4.697 GC heap after
{Heap after GC invocations=6 (full 0):
 garbage-first heap   total 58368K, used 17158K [0x0000000081a00000, 0x0000000100000000)
  region size 1024K, 3 young (3072K), 3 survivors (3072K)
 Metaspace       used 24679K, committed 25152K, reserved 1114112K
  class space    used 3141K, committed 3392K, reserved 1048576K
}
Event: 4.741 GC heap before
{Heap before GC invocations=6 (full 0):
 garbage-first heap   total 58368K, used 18182K [0x0000000081a00000, 0x0000000100000000)
  region size 1024K, 4 young (4096K), 3 survivors (3072K)
 Metaspace       used 24816K, committed 25216K, reserved 1114112K
  class space    used 3156K, committed 3392K, reserved 1048576K
}
Event: 4.750 GC heap after
{Heap after GC invocations=7 (full 0):
 garbage-first heap   total 58368K, used 17099K [0x0000000081a00000, 0x0000000100000000)
  region size 1024K, 1 young (1024K), 1 survivors (1024K)
 Metaspace       used 24816K, committed 25216K, reserved 1114112K
  class space    used 3156K, committed 3392K, reserved 1048576K
}
Event: 5.449 GC heap before
{Heap before GC invocations=7 (full 0):
 garbage-first heap   total 58368K, used 39627K [0x0000000081a00000, 0x0000000100000000)
  region size 1024K, 23 young (23552K), 1 survivors (1024K)
 Metaspace       used 28618K, committed 29056K, reserved 1114112K
  class space    used 3740K, committed 3968K, reserved 1048576K
}
Event: 5.453 GC heap after
{Heap after GC invocations=8 (full 0):
 garbage-first heap   total 58368K, used 18097K [0x0000000081a00000, 0x0000000100000000)
  region size 1024K, 2 young (2048K), 2 survivors (2048K)
 Metaspace       used 28618K, committed 29056K, reserved 1114112K
  class space    used 3740K, committed 3968K, reserved 1048576K
}
Event: 6.239 GC heap before
{Heap before GC invocations=8 (full 0):
 garbage-first heap   total 58368K, used 41649K [0x0000000081a00000, 0x0000000100000000)
  region size 1024K, 25 young (25600K), 2 survivors (2048K)
 Metaspace       used 32248K, committed 32640K, reserved 1114112K
  class space    used 4239K, committed 4416K, reserved 1048576K
}
Event: 6.244 GC heap after
{Heap after GC invocations=9 (full 0):
 garbage-first heap   total 58368K, used 20137K [0x0000000081a00000, 0x0000000100000000)
  region size 1024K, 4 young (4096K), 4 survivors (4096K)
 Metaspace       used 32248K, committed 32640K, reserved 1114112K
  class space    used 4239K, committed 4416K, reserved 1048576K
}
Event: 6.875 GC heap before
{Heap before GC invocations=9 (full 0):
 garbage-first heap   total 58368K, used 42665K [0x0000000081a00000, 0x0000000100000000)
  region size 1024K, 26 young (26624K), 4 survivors (4096K)
 Metaspace       used 35549K, committed 35968K, reserved 1114112K
  class space    used 4667K, committed 4864K, reserved 1048576K
}
Event: 6.882 GC heap after
{Heap after GC invocations=10 (full 0):
 garbage-first heap   total 58368K, used 21752K [0x0000000081a00000, 0x0000000100000000)
  region size 1024K, 2 young (2048K), 2 survivors (2048K)
 Metaspace       used 35549K, committed 35968K, reserved 1114112K
  class space    used 4667K, committed 4864K, reserved 1048576K
}
Event: 6.886 GC heap before
{Heap before GC invocations=10 (full 0):
 garbage-first heap   total 58368K, used 21752K [0x0000000081a00000, 0x0000000100000000)
  region size 1024K, 3 young (3072K), 2 survivors (2048K)
 Metaspace       used 35577K, committed 35968K, reserved 1114112K
  class space    used 4670K, committed 4864K, reserved 1048576K
}
Event: 6.889 GC heap after
{Heap after GC invocations=11 (full 0):
 garbage-first heap   total 91136K, used 21885K [0x0000000081a00000, 0x0000000100000000)
  region size 1024K, 1 young (1024K), 1 survivors (1024K)
 Metaspace       used 35577K, committed 35968K, reserved 1114112K
  class space    used 4670K, committed 4864K, reserved 1048576K
}
Event: 8.501 GC heap before
{Heap before GC invocations=12 (full 0):
 garbage-first heap   total 86016K, used 70013K [0x0000000081a00000, 0x0000000100000000)
  region size 1024K, 49 young (50176K), 1 survivors (1024K)
 Metaspace       used 44367K, committed 44864K, reserved 1114112K
  class space    used 6234K, committed 6464K, reserved 1048576K
}
Event: 8.509 GC heap after
{Heap after GC invocations=13 (full 0):
 garbage-first heap   total 86016K, used 24798K [0x0000000081a00000, 0x0000000100000000)
  region size 1024K, 4 young (4096K), 4 survivors (4096K)
 Metaspace       used 44367K, committed 44864K, reserved 1114112K
  class space    used 6234K, committed 6464K, reserved 1048576K
}
Event: 10.022 GC heap before
{Heap before GC invocations=13 (full 0):
 garbage-first heap   total 86016K, used 66782K [0x0000000081a00000, 0x0000000100000000)
  region size 1024K, 45 young (46080K), 4 survivors (4096K)
 Metaspace       used 58324K, committed 58880K, reserved 1114112K
  class space    used 7855K, committed 8128K, reserved 1048576K
}
Event: 10.029 GC heap after
{Heap after GC invocations=14 (full 0):
 garbage-first heap   total 86016K, used 28439K [0x0000000081a00000, 0x0000000100000000)
  region size 1024K, 4 young (4096K), 4 survivors (4096K)
 Metaspace       used 58324K, committed 58880K, reserved 1114112K
  class space    used 7855K, committed 8128K, reserved 1048576K
}
Event: 10.160 GC heap before
{Heap before GC invocations=14 (full 0):
 garbage-first heap   total 86016K, used 33559K [0x0000000081a00000, 0x0000000100000000)
  region size 1024K, 10 young (10240K), 4 survivors (4096K)
 Metaspace       used 59978K, committed 60480K, reserved 1114112K
  class space    used 8036K, committed 8256K, reserved 1048576K
}
Event: 10.166 GC heap after
{Heap after GC invocations=15 (full 0):
 garbage-first heap   total 86016K, used 29048K [0x0000000081a00000, 0x0000000100000000)
  region size 1024K, 1 young (1024K), 1 survivors (1024K)
 Metaspace       used 59978K, committed 60480K, reserved 1114112K
  class space    used 8036K, committed 8256K, reserved 1048576K
}

Deoptimization events (20 events):
Event: 9.893 Thread 0x0000018fd3855de0 Uncommon trap: trap_request=0xffffffbe fr.pc=0x0000018f87de48a4 relative=0x0000000000000384
Event: 9.893 Thread 0x0000018fd3855de0 Uncommon trap: reason=profile_predicate action=maybe_recompile pc=0x0000018f87de48a4 method=java.util.Arrays$ArrayList.indexOf(Ljava/lang/Object;)I @ 39 c2
Event: 9.893 Thread 0x0000018fd3855de0 DEOPT PACKING pc=0x0000018f87de48a4 sp=0x0000001a84ffe440
Event: 9.893 Thread 0x0000018fd3855de0 DEOPT UNPACKING pc=0x0000018f875823a3 sp=0x0000001a84ffe3c8 mode 2
Event: 9.893 Thread 0x0000018fd3855de0 Uncommon trap: trap_request=0xffffffbe fr.pc=0x0000018f87de48a4 relative=0x0000000000000384
Event: 9.893 Thread 0x0000018fd3855de0 Uncommon trap: reason=profile_predicate action=maybe_recompile pc=0x0000018f87de48a4 method=java.util.Arrays$ArrayList.indexOf(Ljava/lang/Object;)I @ 39 c2
Event: 9.893 Thread 0x0000018fd3855de0 DEOPT PACKING pc=0x0000018f87de48a4 sp=0x0000001a84ffe440
Event: 9.893 Thread 0x0000018fd3855de0 DEOPT UNPACKING pc=0x0000018f875823a3 sp=0x0000001a84ffe3c8 mode 2
Event: 9.893 Thread 0x0000018fd3855de0 Uncommon trap: trap_request=0xffffffbe fr.pc=0x0000018f87de48a4 relative=0x0000000000000384
Event: 9.893 Thread 0x0000018fd3855de0 Uncommon trap: reason=profile_predicate action=maybe_recompile pc=0x0000018f87de48a4 method=java.util.Arrays$ArrayList.indexOf(Ljava/lang/Object;)I @ 39 c2
Event: 9.893 Thread 0x0000018fd3855de0 DEOPT PACKING pc=0x0000018f87de48a4 sp=0x0000001a84ffde20
Event: 9.893 Thread 0x0000018fd3855de0 DEOPT UNPACKING pc=0x0000018f875823a3 sp=0x0000001a84ffdda8 mode 2
Event: 9.894 Thread 0x0000018fd3855de0 Uncommon trap: trap_request=0xffffffbe fr.pc=0x0000018f87de48a4 relative=0x0000000000000384
Event: 9.894 Thread 0x0000018fd3855de0 Uncommon trap: reason=profile_predicate action=maybe_recompile pc=0x0000018f87de48a4 method=java.util.Arrays$ArrayList.indexOf(Ljava/lang/Object;)I @ 39 c2
Event: 9.894 Thread 0x0000018fd3855de0 DEOPT PACKING pc=0x0000018f87de48a4 sp=0x0000001a84ffde10
Event: 9.894 Thread 0x0000018fd3855de0 DEOPT UNPACKING pc=0x0000018f875823a3 sp=0x0000001a84ffdd98 mode 2
Event: 9.907 Thread 0x0000018fd3855de0 DEOPT PACKING pc=0x0000018f80a4ee2d sp=0x0000001a84ffd960
Event: 9.907 Thread 0x0000018fd3855de0 DEOPT UNPACKING pc=0x0000018f87582b43 sp=0x0000001a84ffcde8 mode 0
Event: 9.911 Thread 0x0000018fd3855de0 DEOPT PACKING pc=0x0000018f80a4ee2d sp=0x0000001a84ffda20
Event: 9.911 Thread 0x0000018fd3855de0 DEOPT UNPACKING pc=0x0000018f87582b43 sp=0x0000001a84ffcea8 mode 0

Classes unloaded (0 events):
No events

Classes redefined (0 events):
No events

Internal exceptions (20 events):
Event: 6.736 Thread 0x0000018fd0520e20 Exception <a 'sun/nio/fs/WindowsException'{0x000000008409db70}> (0x000000008409db70) 
thrown [s\open\src\hotspot\share\prims\jni.cpp, line 516]
Event: 6.737 Thread 0x0000018fd0520e20 Exception <a 'sun/nio/fs/WindowsException'{0x00000000840a34f8}> (0x00000000840a34f8) 
thrown [s\open\src\hotspot\share\prims\jni.cpp, line 516]
Event: 6.737 Thread 0x0000018fd0520e20 Exception <a 'sun/nio/fs/WindowsException'{0x00000000840a3bd0}> (0x00000000840a3bd0) 
thrown [s\open\src\hotspot\share\prims\jni.cpp, line 516]
Event: 6.794 Thread 0x0000018fd0520e20 Exception <a 'java/io/FileNotFoundException'{0x0000000083fe6e60}> (0x0000000083fe6e60) 
thrown [s\open\src\hotspot\share\prims\jni.cpp, line 516]
Event: 6.921 Thread 0x0000018fd0520e20 Exception <a 'java/lang/NoSuchMethodError'{0x00000000899cae98}: 'int java.lang.invoke.DirectMethodHandle$Holder.invokeInterface(java.lang.Object, java.lang.Object, java.lang.Object, java.lang.Object)'> (0x00000000899cae98) 
thrown [s\open\src\hotspot\share\interpreter\linkResolver.cpp, line 759]
Event: 7.030 Thread 0x0000018fd0520e20 Exception <a 'java/lang/NoSuchMethodError'{0x0000000086967c80}: 'long java.lang.invoke.DirectMethodHandle$Holder.invokeVirtual(java.lang.Object, java.lang.Object)'> (0x0000000086967c80) 
thrown [s\open\src\hotspot\share\interpreter\linkResolver.cpp, line 759]
Event: 7.038 Thread 0x0000018fd0520e20 Exception <a 'java/io/FileNotFoundException'{0x000000008699bf90}> (0x000000008699bf90) 
thrown [s\open\src\hotspot\share\prims\jni.cpp, line 516]
Event: 7.078 Thread 0x0000018fd0520e20 Exception <a 'java/lang/NoSuchMethodError'{0x0000000086727a28}: 'void java.lang.invoke.DirectMethodHandle$Holder.invokeVirtual(java.lang.Object, java.lang.Object, long)'> (0x0000000086727a28) 
thrown [s\open\src\hotspot\share\interpreter\linkResolver.cpp, line 759]
Event: 7.218 Thread 0x0000018fd0520e20 Implicit null exception at 0x0000018f87c8fd60 to 0x0000018f87c901ac
Event: 7.224 Thread 0x0000018fd0520e20 Exception <a 'sun/nio/fs/WindowsException'{0x0000000086207b80}> (0x0000000086207b80) 
thrown [s\open\src\hotspot\share\prims\jni.cpp, line 516]
Event: 8.610 Thread 0x0000018fd0520e20 Implicit null exception at 0x0000018f87c4b392 to 0x0000018f87c4b9a0
Event: 8.878 Thread 0x0000018fd0520e20 Exception <a 'sun/nio/fs/WindowsException'{0x00000000863c4a60}> (0x00000000863c4a60) 
thrown [s\open\src\hotspot\share\prims\jni.cpp, line 516]
Event: 8.891 Thread 0x0000018fd0520e20 Exception <a 'java/lang/NoSuchMethodError'{0x00000000863e8060}: 'int java.lang.invoke.DirectMethodHandle$Holder.invokeStaticInit(java.lang.Object, java.lang.Object, java.lang.Object, java.lang.Object)'> (0x00000000863e8060) 
thrown [s\open\src\hotspot\share\interpreter\linkResolver.cpp, line 759]
Event: 9.358 Thread 0x0000018fd0520e20 Exception <a 'java/lang/NoSuchMethodError'{0x0000000085a7a788}: 'java.lang.Object java.lang.invoke.DirectMethodHandle$Holder.invokeStaticInit(java.lang.Object, java.lang.Object, java.lang.Object, java.lang.Object)'> (0x0000000085a7a788) 
thrown [s\open\src\hotspot\share\interpreter\linkResolver.cpp, line 759]
Event: 9.440 Thread 0x0000018fd0520e20 Exception <a 'java/lang/NoSuchMethodError'{0x0000000085711ca0}: 'java.lang.Object java.lang.invoke.DirectMethodHandle$Holder.newInvokeSpecial(java.lang.Object, java.lang.Object, java.lang.Object, java.lang.Object, java.lang.Object, int, java.lang.Object)'> (0x0000000085711ca0) 
thrown [s\open\src\hotspot\share\interpreter\linkResolver.cpp, line 759]
Event: 9.865 Thread 0x0000018fd0520e20 Exception <a 'java/lang/NoSuchMethodError'{0x0000000084b7bfa0}: 'void java.lang.invoke.DirectMethodHandle$Holder.invokeSpecial(java.lang.Object, java.lang.Object, int, java.lang.Object)'> (0x0000000084b7bfa0) 
thrown [s\open\src\hotspot\share\interpreter\linkResolver.cpp, line 759]
Event: 9.865 Thread 0x0000018fd0520e20 Exception <a 'java/lang/NoSuchMethodError'{0x0000000084bc8980}: 'java.lang.Object java.lang.invoke.DirectMethodHandle$Holder.newInvokeSpecial(java.lang.Object, java.lang.Object, int)'> (0x0000000084bc8980) 
thrown [s\open\src\hotspot\share\interpreter\linkResolver.cpp, line 759]
Event: 9.877 Thread 0x0000018fd0520e20 Exception <a 'java/lang/NoSuchMethodError'{0x0000000084a27790}: 'java.lang.Object java.lang.invoke.DirectMethodHandle$Holder.invokeSpecial(java.lang.Object, java.lang.Object, java.lang.Object, java.lang.Object, int, java.lang.Object, java.lang.Object)'> (0x0000000084a27790) 
thrown [s\open\src\hotspot\share\interpreter\linkResolver.cpp, line 759]
Event: 9.883 Thread 0x0000018fd0520e20 Exception <a 'java/lang/NoSuchMethodError'{0x0000000084a54d50}: 'java.lang.Object java.lang.invoke.DirectMethodHandle$Holder.invokeSpecial(java.lang.Object, java.lang.Object, java.lang.Object, int, java.lang.Object, java.lang.Object)'> (0x0000000084a54d50) 
thrown [s\open\src\hotspot\share\interpreter\linkResolver.cpp, line 759]
Event: 9.944 Thread 0x0000018fd0520e20 Exception <a 'java/lang/NoSuchMethodError'{0x0000000084893a10}: 'java.lang.Object java.lang.invoke.DirectMethodHandle$Holder.invokeVirtual(java.lang.Object, java.lang.Object, java.lang.Object, java.lang.Object)'> (0x0000000084893a10) 
thrown [s\open\src\hotspot\share\interpreter\linkResolver.cpp, line 759]

VM Operations (20 events):
Event: 8.879 Executing VM operation: HandshakeAllThreads
Event: 8.879 Executing VM operation: HandshakeAllThreads done
Event: 8.886 Executing VM operation: HandshakeAllThreads
Event: 8.886 Executing VM operation: HandshakeAllThreads done
Event: 8.971 Executing VM operation: HandshakeAllThreads
Event: 8.972 Executing VM operation: HandshakeAllThreads done
Event: 9.063 Executing VM operation: HandshakeAllThreads
Event: 9.063 Executing VM operation: HandshakeAllThreads done
Event: 9.831 Executing VM operation: ICBufferFull
Event: 9.832 Executing VM operation: ICBufferFull done
Event: 10.017 Executing VM operation: HandshakeAllThreads
Event: 10.017 Executing VM operation: HandshakeAllThreads done
Event: 10.021 Executing VM operation: G1CollectForAllocation
Event: 10.029 Executing VM operation: G1CollectForAllocation done
Event: 10.038 Executing VM operation: HandshakeAllThreads
Event: 10.038 Executing VM operation: HandshakeAllThreads done
Event: 10.160 Executing VM operation: CollectForMetadataAllocation
Event: 10.166 Executing VM operation: CollectForMetadataAllocation done
Event: 10.198 Executing VM operation: CollectForMetadataAllocation
Event: 10.198 Executing VM operation: CollectForMetadataAllocation done

Events (20 events):
Event: 10.044 Thread 0x0000018fff010060 flushing nmethod 0x0000018f80537b10
Event: 10.044 Thread 0x0000018fff010060 flushing nmethod 0x0000018f80546d90
Event: 10.045 Thread 0x0000018fff010060 flushing nmethod 0x0000018f80551e10
Event: 10.045 Thread 0x0000018fff010060 flushing nmethod 0x0000018f80559d90
Event: 10.045 Thread 0x0000018fff010060 flushing nmethod 0x0000018f80568e10
Event: 10.045 Thread 0x0000018fff010060 flushing nmethod 0x0000018f8057e210
Event: 10.045 Thread 0x0000018fff010060 flushing nmethod 0x0000018f80588f90
Event: 10.045 Thread 0x0000018fff010060 flushing nmethod 0x0000018f805aec90
Event: 10.045 Thread 0x0000018fff010060 flushing nmethod 0x0000018f805b4610
Event: 10.045 Thread 0x0000018fff010060 flushing nmethod 0x0000018f805d1490
Event: 10.045 Thread 0x0000018fff010060 flushing nmethod 0x0000018f805f2210
Event: 10.045 Thread 0x0000018fff010060 flushing nmethod 0x0000018f805f8510
Event: 10.045 Thread 0x0000018fff010060 flushing nmethod 0x0000018f80612e90
Event: 10.045 Thread 0x0000018fff010060 flushing nmethod 0x0000018f80663590
Event: 10.045 Thread 0x0000018fff010060 flushing nmethod 0x0000018f80664490
Event: 10.045 Thread 0x0000018fff010060 flushing nmethod 0x0000018f80667390
Event: 10.045 Thread 0x0000018fff010060 flushing nmethod 0x0000018f80667d10
Event: 10.045 Thread 0x0000018fff010060 flushing nmethod 0x0000018f80682310
Event: 10.046 Thread 0x0000018fff010060 flushing nmethod 0x0000018f806b3c10
Event: 10.046 Thread 0x0000018fff010060 flushing nmethod 0x0000018f806c7a10


Dynamic libraries:
0x00007ff63e830000 - 0x00007ff63e840000 	C:\Program Files\Java\jdk-17\bin\javaw.exe
0x00007ffb5b050000 - 0x00007ffb5b249000 	C:\Windows\SYSTEM32\ntdll.dll
0x00007ffb5a5f0000 - 0x00007ffb5a6b2000 	C:\Windows\System32\KERNEL32.DLL
0x00007ffb58a40000 - 0x00007ffb58d37000 	C:\Windows\System32\KERNELBASE.dll
0x00007ffb58ec0000 - 0x00007ffb58fc0000 	C:\Windows\System32\ucrtbase.dll
0x00007ffb50c30000 - 0x00007ffb50c4b000 	C:\Program Files\Java\jdk-17\bin\VCRUNTIME140.dll
0x00007ffb47b90000 - 0x00007ffb47ba9000 	C:\Program Files\Java\jdk-17\bin\jli.dll
0x00007ffb59210000 - 0x00007ffb592c1000 	C:\Windows\System32\ADVAPI32.dll
0x00007ffb59550000 - 0x00007ffb595ee000 	C:\Windows\System32\msvcrt.dll
0x00007ffb59340000 - 0x00007ffb593df000 	C:\Windows\System32\sechost.dll
0x00007ffb5a770000 - 0x00007ffb5a896000 	C:\Windows\System32\RPCRT4.dll
0x00007ffb586c0000 - 0x00007ffb586e7000 	C:\Windows\System32\bcrypt.dll
0x00007ffb59cd0000 - 0x00007ffb59e6d000 	C:\Windows\System32\USER32.dll
0x00007ffb588f0000 - 0x00007ffb58912000 	C:\Windows\System32\win32u.dll
0x00007ffb59b00000 - 0x00007ffb59b2b000 	C:\Windows\System32\GDI32.dll
0x00007ffb42530000 - 0x00007ffb427cb000 	C:\Windows\WinSxS\amd64_microsoft.windows.common-controls_6595b64144ccf1df_6.0.19041.6926_none_60b5a53971f8f7e6\COMCTL32.dll
0x00007ffb58920000 - 0x00007ffb58a3a000 	C:\Windows\System32\gdi32full.dll
0x00007ffb58850000 - 0x00007ffb588ed000 	C:\Windows\System32\msvcp_win.dll
0x00007ffb4b9f0000 - 0x00007ffb4b9fa000 	C:\Windows\SYSTEM32\VERSION.dll
0x00007ffb5afe0000 - 0x00007ffb5b00f000 	C:\Windows\System32\IMM32.DLL
0x00007ffb50f50000 - 0x00007ffb50f5c000 	C:\Program Files\Java\jdk-17\bin\vcruntime140_1.dll
0x00007ffb28850000 - 0x00007ffb288de000 	C:\Program Files\Java\jdk-17\bin\msvcp140.dll
0x00007ffb0ccf0000 - 0x00007ffb0d8cf000 	C:\Program Files\Java\jdk-17\bin\server\jvm.dll
0x00007ffb59c50000 - 0x00007ffb59c58000 	C:\Windows\System32\PSAPI.DLL
0x00007ffb46600000 - 0x00007ffb46627000 	C:\Windows\SYSTEM32\WINMM.dll
0x00007ffb3dfa0000 - 0x00007ffb3dfa9000 	C:\Windows\SYSTEM32\WSOCK32.dll
0x00007ffb59400000 - 0x00007ffb5946b000 	C:\Windows\System32\ws2_32.DLL
0x00007ffb56ed0000 - 0x00007ffb56ee2000 	C:\Windows\SYSTEM32\kernel.appcore.dll
0x00007ffb50c20000 - 0x00007ffb50c2a000 	C:\Program Files\Java\jdk-17\bin\jimage.dll
0x00007ffb55950000 - 0x00007ffb55b51000 	C:\Windows\SYSTEM32\DBGHELP.DLL
0x00007ffb4d690000 - 0x00007ffb4d6c4000 	C:\Windows\SYSTEM32\dbgcore.DLL
0x00007ffb58fc0000 - 0x00007ffb59042000 	C:\Windows\System32\bcryptPrimitives.dll
0x00007ffb45860000 - 0x00007ffb45885000 	C:\Program Files\Java\jdk-17\bin\java.dll
0x00007ffb122c0000 - 0x00007ffb12397000 	C:\Program Files\Java\jdk-17\bin\jsvml.dll
0x00007ffb59e70000 - 0x00007ffb5a5e1000 	C:\Windows\System32\SHELL32.dll
0x00007ffb56710000 - 0x00007ffb56eb6000 	C:\Windows\SYSTEM32\windows.storage.dll
0x00007ffb597a0000 - 0x00007ffb59af3000 	C:\Windows\System32\combase.dll
0x00007ffb58070000 - 0x00007ffb5809b000 	C:\Windows\SYSTEM32\Wldp.dll
0x00007ffb59470000 - 0x00007ffb59546000 	C:\Windows\System32\OLEAUT32.dll
0x00007ffb5a6c0000 - 0x00007ffb5a76d000 	C:\Windows\System32\SHCORE.dll
0x00007ffb592d0000 - 0x00007ffb5932b000 	C:\Windows\System32\shlwapi.dll
0x00007ffb585e0000 - 0x00007ffb58604000 	C:\Windows\SYSTEM32\profapi.dll
0x00007ffb46560000 - 0x00007ffb46579000 	C:\Program Files\Java\jdk-17\bin\net.dll
0x00007ffb4b7b0000 - 0x00007ffb4b8ba000 	C:\Windows\SYSTEM32\WINHTTP.dll
0x00007ffb57d40000 - 0x00007ffb57daa000 	C:\Windows\system32\mswsock.dll
0x00007ffb46470000 - 0x00007ffb46486000 	C:\Program Files\Java\jdk-17\bin\nio.dll
0x00007ffb45650000 - 0x00007ffb45668000 	C:\Program Files\Java\jdk-17\bin\zip.dll
0x00007ffb4de20000 - 0x00007ffb4de2a000 	C:\Program Files\Java\jdk-17\bin\management.dll
0x00007ffb45ad0000 - 0x00007ffb45adb000 	C:\Program Files\Java\jdk-17\bin\management_ext.dll
0x00007ffb45850000 - 0x00007ffb4585e000 	C:\Program Files\Java\jdk-17\bin\sunmscapi.dll
0x00007ffb586f0000 - 0x00007ffb5884d000 	C:\Windows\System32\CRYPT32.dll
0x00007ffb580e0000 - 0x00007ffb58107000 	C:\Windows\SYSTEM32\ncrypt.dll
0x00007ffb580a0000 - 0x00007ffb580db000 	C:\Windows\SYSTEM32\NTASN1.dll
0x00007ffb57f60000 - 0x00007ffb57f78000 	C:\Windows\SYSTEM32\CRYPTSP.dll
0x00007ffb57660000 - 0x00007ffb57698000 	C:\Windows\system32\rsaenh.dll
0x00007ffb585a0000 - 0x00007ffb585ce000 	C:\Windows\SYSTEM32\USERENV.dll
0x00007ffb57f80000 - 0x00007ffb57f8c000 	C:\Windows\SYSTEM32\CRYPTBASE.dll
0x00007ffb57a20000 - 0x00007ffb57a5b000 	C:\Windows\SYSTEM32\IPHLPAPI.DLL
0x00007ffb59330000 - 0x00007ffb59338000 	C:\Windows\System32\NSI.dll
0x00007ffb4d4d0000 - 0x00007ffb4d4e7000 	C:\Windows\SYSTEM32\dhcpcsvc6.DLL
0x00007ffb4e140000 - 0x00007ffb4e15e000 	C:\Windows\SYSTEM32\dhcpcsvc.DLL
0x00007ffb57a60000 - 0x00007ffb57b2b000 	C:\Windows\SYSTEM32\DNSAPI.dll
0x00007ffb501d0000 - 0x00007ffb501da000 	C:\Windows\System32\rasadhlp.dll
0x00007ffb42fc0000 - 0x00007ffb43040000 	C:\Windows\System32\fwpuclnt.dll

dbghelp: loaded successfully - version: 4.0.5 - missing functions: none
symbol engine: initialized successfully - sym options: 0x614 - pdb path: .;C:\Program Files\Java\jdk-17\bin;C:\Windows\SYSTEM32;C:\Windows\WinSxS\amd64_microsoft.windows.common-controls_6595b64144ccf1df_6.0.19041.6926_none_60b5a53971f8f7e6;C:\Program Files\Java\jdk-17\bin\server

VM Arguments:
jvm_args: -Dfile.encoding=UTF-8 -Dstdout.encoding=UTF-8 -Dstderr.encoding=UTF-8 -XX:+ShowCodeDetailsInExceptionMessages 
java_command: com.jsp.book.BookMyTicketApplication
java_class_path (initial): C:\Users\Dell\Desktop\Java Program\book-my-ticket\target\classes;C:\Users\Dell\.m2\repository\com\fasterxml\jackson\core\jackson-databind\2.20.1\jackson-databind-2.20.1.jar;C:\Users\Dell\.m2\repository\com\fasterxml\jackson\core\jackson-core\2.20.1\jackson-core-2.20.1.jar;C:\Users\Dell\.m2\repository\com\fasterxml\jackson\core\jackson-annotations\2.20\jackson-annotations-2.20.jar;C:\Users\Dell\.m2\repository\com\cloudinary\cloudinary-http5\2.0.0\cloudinary-http5-2.0.0.jar;C:\Users\Dell\.m2\repository\com\cloudinary\cloudinary-core\2.0.0\cloudinary-core-2.0.0.jar;C:\Users\Dell\.m2\repository\org\apache\commons\commons-lang3\3.19.0\commons-lang3-3.19.0.jar;C:\Users\Dell\.m2\repository\org\apache\httpcomponents\client5\httpclient5\5.5.1\httpclient5-5.5.1.jar;C:\Users\Dell\.m2\repository\org\apache\httpcomponents\core5\httpcore5-h2\5.3.6\httpcore5-h2-5.3.6.jar;C:\Users\Dell\.m2\repository\org\slf4j\slf4j-api\2.0.17\slf4j-api-2.0.17.jar;C:\Users\Dell\.m2\repository\org\apache\httpcomponents\core5\httpcore5\5.3.6\httpcore5-5.3.6.jar;C:\Users\Dell\.m2\repository\com\cloudinary\cloudinary-taglib\2.0.0\cloudinary-taglib-2.0.0.jar;C:\Users\Dell\.m2\repository\javax\servlet\jsp-api\2.0\jsp-api-2.0.jar;C:\Users\Dell\.m2\repository\javax\servlet\servlet-api\2.4\servlet-api-2.4.jar;C:\Users\Dell\.m2\repository\org\springframework\boot\spring-boot-starter-data-jpa\4.0.0\spring-boot-starter-data-jpa-4.0.0.jar;C:\Users\Dell\.m2\repository\org\springframework\boot\spring-boot-starter\4.0.0\spring-boot-starter-4.0.0.jar;C:\Users\Dell\.m2\repository\org\springframework\boot\spring-boot-starter-logging\4.0.0\spring-boot-starter-logging-4.0.0.jar;C:\Users\Dell\.m2\repository\ch\qos\logback\logback-classic\1.5.21\logback-classic-1.5.21.jar;C:\Users\Dell\.m2\repository\ch\qos\logback\logback-core\1.5.21\logback-core-1.5.21.jar;C:\Users\Dell\.m2\repository\org\apache\logging\log4j\log4j-to-slf4j\2.25.2\log4j-to-slf4j-2.25.2.jar;C:\Users\Dell\.m2\repository\org\a
Launcher Type: SUN_STANDARD

[Global flags]
     intx CICompilerCount                          = 3                                         {product} {ergonomic}
     uint ConcGCThreads                            = 1                                         {product} {ergonomic}
     uint G1ConcRefinementThreads                  = 4                                         {product} {ergonomic}
   size_t G1HeapRegionSize                         = 1048576                                   {product} {ergonomic}
    uintx GCDrainStackTargetSize                   = 64                                        {product} {ergonomic}
   size_t InitialHeapSize                          = 134217728                                 {product} {ergonomic}
   size_t MarkStackSize                            = 4194304                                   {product} {ergonomic}
   size_t MaxHeapSize                              = 2120220672                                {product} {ergonomic}
   size_t MaxNewSize                               = 1271922688                                {product} {ergonomic}
   size_t MinHeapDeltaBytes                        = 1048576                                   {product} {ergonomic}
   size_t MinHeapSize                              = 8388608                                   {product} {ergonomic}
    uintx NonNMethodCodeHeapSize                   = 5832780                                {pd product} {ergonomic}
    uintx NonProfiledCodeHeapSize                  = 122912730                              {pd product} {ergonomic}
    uintx ProfiledCodeHeapSize                     = 122912730                              {pd product} {ergonomic}
    uintx ReservedCodeCacheSize                    = 251658240                              {pd product} {ergonomic}
     bool SegmentedCodeCache                       = true                                      {product} {ergonomic}
     bool ShowCodeDetailsInExceptionMessages       = true                                   {manageable} {command line}
   size_t SoftMaxHeapSize                          = 2120220672                             {manageable} {ergonomic}
     bool UseCompressedClassPointers               = true                           {product lp64_product} {ergonomic}
     bool UseCompressedOops                        = true                           {product lp64_product} {ergonomic}
     bool UseG1GC                                  = true                                      {product} {ergonomic}
     bool UseLargePagesIndividualAllocation        = false                                  {pd product} {ergonomic}

Logging:
Log output configuration:
 #0: stdout all=warning uptime,level,tags
 #1: stderr all=off uptime,level,tags

Environment Variables:
PATH=C:/Users/Dell/Desktop/eclipse-jee-2025-06-R-win32-x86_64/eclipse//plugins/org.eclipse.justj.openjdk.hotspot.jre.full.win32.x86_64_21.0.7.v20250502-0916/jre/bin/server;C:/Users/Dell/Desktop/eclipse-jee-2025-06-R-win32-x86_64/eclipse//plugins/org.eclipse.justj.openjdk.hotspot.jre.full.win32.x86_64_21.0.7.v20250502-0916/jre/bin;C:\Program Files\Common Files\Oracle\Java\javapath;D:\app\Dell\product\11.2.0\dbhome_1\bin;C:\Windows\system32;C:\Windows;C:\Windows\System32\Wbem;C:\Windows\System32\WindowsPowerShell\v1.0\;C:\Windows\System32\OpenSSH\;c:\Xilinx\bin\nt;C:\Users\Dell\Desktop\apache-maven-3.9.11\bin;C:\Program Files\Java\jdk-17\bin;C:\Users\Dell\Downloads\terraform_1.13.4_windows_386;C:\Program Files\Git\cmd;C:\Program Files\nodejs\;C:\Program Files\Redis\;C:\Users\Dell\Desktop\Bhoomi\Install\apache-maven-3.9.11\bin;C:\Program Files\dotnet\;C:\Program Files (x86)\Windows Kits\10\Windows Performance Toolkit\;C:\Program Files\MySQL\MySQL Shell 8.0\bin\;C:\Users\Dell\AppData\Local\Microsoft\WindowsApps;C:\Users\Dell\AppData\Roaming\npm;C:\Microsoft VS Code\bin;C:\Users\Dell\Desktop\eclipse-jee-2025-06-R-win32-x86_64\eclipse;
USERNAME=Dell
OS=Windows_NT
PROCESSOR_IDENTIFIER=Intel64 Family 6 Model 78 Stepping 3, GenuineIntel



---------------  S Y S T E M  ---------------

OS:
 Windows 10 , 64 bit Build 19041 (10.0.19041.7291)
OS uptime: 3 days 23:09 hours

CPU: total 4 (initial active 4) (2 cores per cpu, 2 threads per core) family 6 model 78 stepping 3 microcode 0xf0, cx8, cmov, fxsr, ht, mmx, 3dnowpref, sse, sse2, sse3, ssse3, sse4.1, sse4.2, popcnt, lzcnt, tsc, tscinvbit, avx, avx2, aes, erms, clmul, bmi1, bmi2, rtm, adx, fma, vzeroupper, clflush, clflushopt

Memory: 4k page, system-wide physical 8083M (1079M free)
TotalPageFile size 10131M (AvailPageFile size 5M)
current process WorkingSet (physical memory assigned to process): 274M, peak: 275M
current process commit charge ("private bytes"): 306M, peak: 307M

vm_info: Java HotSpot(TM) 64-Bit Server VM (17.0.10+11-LTS-240) for windows-amd64 JRE (17.0.10+11-LTS-240), built on Dec 19 2023 21:47:25 by "mach5one" with MS VC++ 17.1 (VS2022)

END.
