#
# There is insufficient memory for the Java Runtime Environment to continue.
# Native memory allocation (mmap) failed to map 2097152 bytes for G1 virtual space
# Possible reasons:
#   The system is out of physical RAM or swap space
#   The process is running with CompressedOops enabled, and the Java Heap may be blocking the growth of the native heap
# Possible solutions:
#   Reduce memory load on the system
#   Increase physical memory or swap space
#   Check if swap backing store is full
#   Decrease Java heap size (-Xmx/-Xms)
#   Decrease number of Java threads
#   Decrease Java thread stack sizes (-Xss)
#   Set larger code cache with -XX:ReservedCodeCacheSize=
#   JVM is running with Unscaled Compressed Oops mode in which the Java heap is
#     placed in the first 4GB address space. The Java Heap base address is the
#     maximum limit for the native heap growth. Please use -XX:HeapBaseMinAddress
#     to set the Java Heap base and to place the Java Heap above 4GB virtual address.
# This output file may be truncated or incomplete.
#
#  Out of Memory Error (os_windows.cpp:3548), pid=9192, tid=2208
#
# JRE version:  (17.0.10+11) (build )
# Java VM: Java HotSpot(TM) 64-Bit Server VM (17.0.10+11-LTS-240, mixed mode, sharing, tiered, compressed oops, compressed class ptrs, g1 gc, windows-amd64)
# No core dump will be written. Minidumps are not enabled by default on client versions of Windows
#

---------------  S U M M A R Y ------------

Command Line: -Dfile.encoding=UTF-8 -Dstdout.encoding=UTF-8 -Dstderr.encoding=UTF-8 -XX:+ShowCodeDetailsInExceptionMessages com.jsp.book.BookMyTicketApplication

Host: Intel(R) Core(TM) i5-6300U CPU @ 2.40GHz, 4 cores, 7G,  Windows 10 , 64 bit Build 19041 (10.0.19041.7291)
Time: Thu Jun 18 20:27:47 2026 India Standard Time elapsed time: 0.019023 seconds (0d 0h 0m 0s)

---------------  T H R E A D  ---------------

Current thread (0x00000207f5d3bf70):  JavaThread "Unknown thread" [_thread_in_vm, id=2208, stack(0x000000ec33b00000,0x000000ec33c00000)]

Stack: [0x000000ec33b00000,0x000000ec33c00000]
Native frames: (J=compiled Java code, j=interpreted, Vv=VM code, C=native code)
V  [jvm.dll+0x677a5a]
V  [jvm.dll+0x7d8b2d]
V  [jvm.dll+0x7da48e]
V  [jvm.dll+0x7daaf3]
V  [jvm.dll+0x2455ff]
V  [jvm.dll+0x6749b9]
V  [jvm.dll+0x669382]
V  [jvm.dll+0x302e96]
V  [jvm.dll+0x30a416]
V  [jvm.dll+0x359cd3]
V  [jvm.dll+0x359eef]
V  [jvm.dll+0x2d9e88]
V  [jvm.dll+0x2dadf4]
V  [jvm.dll+0x7aa551]
V  [jvm.dll+0x367911]
V  [jvm.dll+0x789639]
V  [jvm.dll+0x3eb30f]
V  [jvm.dll+0x3ecd91]
C  [jli.dll+0x5297]
C  [ucrtbase.dll+0x21bb2]
C  [KERNEL32.DLL+0x17374]
C  [ntdll.dll+0x4cc91]


---------------  P R O C E S S  ---------------

Threads class SMR info:
_java_thread_list=0x00007ffb0d7a6a18, length=0, elements={
}

Java Threads: ( => current thread )

Other Threads:
  0x00000207f5dd3920 GCTaskThread "GC Thread#0" [stack: 0x000000ec33c00000,0x000000ec33d00000] [id=8812]
  0x00000207f5de5850 ConcurrentGCThread "G1 Main Marker" [stack: 0x000000ec33d00000,0x000000ec33e00000] [id=10276]
  0x00000207f5de6a50 ConcurrentGCThread "G1 Conc#0" [stack: 0x000000ec33e00000,0x000000ec33f00000] [id=7148]

[error occurred during error reporting (printing all threads), id 0xc0000005, EXCEPTION_ACCESS_VIOLATION (0xc0000005) at pc=0x00007ffb0cfdaae7]

VM state: not at safepoint (not fully initialized)

VM Mutex/Monitor currently owned by a thread:  ([mutex/lock_event])
[0x00000207f5d7ae10] Heap_lock - owner thread: 0x00000207f5d3bf70

Heap address: 0x0000000081a00000, size: 2022 MB, Compressed Oops mode: 32-bit

CDS archive(s) mapped at: [0x0000000000000000-0x0000000000000000-0x0000000000000000), size 0, SharedBaseAddress: 0x0000000800000000, ArchiveRelocationMode: 1.
Narrow klass base: 0x0000000000000000, Narrow klass shift: 0, Narrow klass range: 0x0

GC Precious Log:
<Empty>

Heap:
 garbage-first heap   total 0K, used 0K [0x0000000081a00000, 0x0000000100000000)
  region size 1024K, 0 young (0K), 0 survivors (0K)

[error occurred during error reporting (printing heap information), id 0xc0000005, EXCEPTION_ACCESS_VIOLATION (0xc0000005) at pc=0x00007ffb0d3c1249]

GC Heap History (0 events):
No events

Deoptimization events (0 events):
No events

Classes unloaded (0 events):
No events

Classes redefined (0 events):
No events

Internal exceptions (0 events):
No events

VM Operations (0 events):
No events

Events (1 events):
Event: 0.010 Loaded shared library C:\Program Files\Java\jdk-17\bin\java.dll


Dynamic libraries:
0x00007ff63e830000 - 0x00007ff63e840000 	C:\Program Files\Java\jdk-17\bin\javaw.exe
0x00007ffb5b050000 - 0x00007ffb5b249000 	C:\Windows\SYSTEM32\ntdll.dll
0x00007ffb5a5f0000 - 0x00007ffb5a6b2000 	C:\Windows\System32\KERNEL32.DLL
0x00007ffb58a40000 - 0x00007ffb58d37000 	C:\Windows\System32\KERNELBASE.dll
0x00007ffb58ec0000 - 0x00007ffb58fc0000 	C:\Windows\System32\ucrtbase.dll
0x00007ffb47b90000 - 0x00007ffb47bab000 	C:\Program Files\Java\jdk-17\bin\VCRUNTIME140.dll
0x00007ffb46560000 - 0x00007ffb46579000 	C:\Program Files\Java\jdk-17\bin\jli.dll
0x00007ffb59210000 - 0x00007ffb592c1000 	C:\Windows\System32\ADVAPI32.dll
0x00007ffb59550000 - 0x00007ffb595ee000 	C:\Windows\System32\msvcrt.dll
0x00007ffb59340000 - 0x00007ffb593df000 	C:\Windows\System32\sechost.dll
0x00007ffb5a770000 - 0x00007ffb5a896000 	C:\Windows\System32\RPCRT4.dll
0x00007ffb586c0000 - 0x00007ffb586e7000 	C:\Windows\System32\bcrypt.dll
0x00007ffb59cd0000 - 0x00007ffb59e6d000 	C:\Windows\System32\USER32.dll
0x00007ffb588f0000 - 0x00007ffb58912000 	C:\Windows\System32\win32u.dll
0x00007ffb59b00000 - 0x00007ffb59b2b000 	C:\Windows\System32\GDI32.dll
0x00007ffb58920000 - 0x00007ffb58a3a000 	C:\Windows\System32\gdi32full.dll
0x00007ffb58850000 - 0x00007ffb588ed000 	C:\Windows\System32\msvcp_win.dll
0x00007ffb42530000 - 0x00007ffb427cb000 	C:\Windows\WinSxS\amd64_microsoft.windows.common-controls_6595b64144ccf1df_6.0.19041.6926_none_60b5a53971f8f7e6\COMCTL32.dll
0x00007ffb4b9f0000 - 0x00007ffb4b9fa000 	C:\Windows\SYSTEM32\VERSION.dll
0x00007ffb5afe0000 - 0x00007ffb5b00f000 	C:\Windows\System32\IMM32.DLL
0x00007ffb50c20000 - 0x00007ffb50c2c000 	C:\Program Files\Java\jdk-17\bin\vcruntime140_1.dll
0x00007ffb43830000 - 0x00007ffb438be000 	C:\Program Files\Java\jdk-17\bin\msvcp140.dll
0x00007ffb0ccf0000 - 0x00007ffb0d8cf000 	C:\Program Files\Java\jdk-17\bin\server\jvm.dll
0x00007ffb59c50000 - 0x00007ffb59c58000 	C:\Windows\System32\PSAPI.DLL
0x00007ffb3dfa0000 - 0x00007ffb3dfa9000 	C:\Windows\SYSTEM32\WSOCK32.dll
0x00007ffb59400000 - 0x00007ffb5946b000 	C:\Windows\System32\WS2_32.dll
0x00007ffb46600000 - 0x00007ffb46627000 	C:\Windows\SYSTEM32\WINMM.dll
0x00007ffb56ed0000 - 0x00007ffb56ee2000 	C:\Windows\SYSTEM32\kernel.appcore.dll
0x00007ffb4de20000 - 0x00007ffb4de2a000 	C:\Program Files\Java\jdk-17\bin\jimage.dll
0x00007ffb55950000 - 0x00007ffb55b51000 	C:\Windows\SYSTEM32\DBGHELP.DLL
0x00007ffb4d690000 - 0x00007ffb4d6c4000 	C:\Windows\SYSTEM32\dbgcore.DLL
0x00007ffb58fc0000 - 0x00007ffb59042000 	C:\Windows\System32\bcryptPrimitives.dll
0x00007ffb45860000 - 0x00007ffb45885000 	C:\Program Files\Java\jdk-17\bin\java.dll

dbghelp: loaded successfully - version: 4.0.5 - missing functions: none
symbol engine: initialized successfully - sym options: 0x614 - pdb path: .;C:\Program Files\Java\jdk-17\bin;C:\Windows\SYSTEM32;C:\Windows\WinSxS\amd64_microsoft.windows.common-controls_6595b64144ccf1df_6.0.19041.6926_none_60b5a53971f8f7e6;C:\Program Files\Java\jdk-17\bin\server

VM Arguments:
jvm_args: -Dfile.encoding=UTF-8 -Dstdout.encoding=UTF-8 -Dstderr.encoding=UTF-8 -XX:+ShowCodeDetailsInExceptionMessages 
java_command: com.jsp.book.BookMyTicketApplication
java_class_path (initial): C:\Users\Dell\Desktop\Java Program\book-my-ticket\target\classes;C:\Users\Dell\.m2\repository\com\fasterxml\jackson\core\jackson-databind\2.20.1\jackson-databind-2.20.1.jar;C:\Users\Dell\.m2\repository\com\fasterxml\jackson\core\jackson-core\2.20.1\jackson-core-2.20.1.jar;C:\Users\Dell\.m2\repository\com\fasterxml\jackson\core\jackson-annotations\2.20\jackson-annotations-2.20.jar;C:\Users\Dell\.m2\repository\com\cloudinary\cloudinary-http5\2.0.0\cloudinary-http5-2.0.0.jar;C:\Users\Dell\.m2\repository\com\cloudinary\cloudinary-core\2.0.0\cloudinary-core-2.0.0.jar;C:\Users\Dell\.m2\repository\org\apache\commons\commons-lang3\3.19.0\commons-lang3-3.19.0.jar;C:\Users\Dell\.m2\repository\org\apache\httpcomponents\client5\httpclient5\5.5.1\httpclient5-5.5.1.jar;C:\Users\Dell\.m2\repository\org\apache\httpcomponents\core5\httpcore5-h2\5.3.6\httpcore5-h2-5.3.6.jar;C:\Users\Dell\.m2\repository\org\slf4j\slf4j-api\2.0.17\slf4j-api-2.0.17.jar;C:\Users\Dell\.m2\repository\org\apache\httpcomponents\core5\httpcore5\5.3.6\httpcore5-5.3.6.jar;C:\Users\Dell\.m2\repository\com\cloudinary\cloudinary-taglib\2.0.0\cloudinary-taglib-2.0.0.jar;C:\Users\Dell\.m2\repository\javax\servlet\jsp-api\2.0\jsp-api-2.0.jar;C:\Users\Dell\.m2\repository\javax\servlet\servlet-api\2.4\servlet-api-2.4.jar;C:\Users\Dell\.m2\repository\org\springframework\boot\spring-boot-starter-data-jpa\4.0.0\spring-boot-starter-data-jpa-4.0.0.jar;C:\Users\Dell\.m2\repository\org\springframework\boot\spring-boot-starter\4.0.0\spring-boot-starter-4.0.0.jar;C:\Users\Dell\.m2\repository\org\springframework\boot\spring-boot-starter-logging\4.0.0\spring-boot-starter-logging-4.0.0.jar;C:\Users\Dell\.m2\repository\ch\qos\logback\logback-classic\1.5.21\logback-classic-1.5.21.jar;C:\Users\Dell\.m2\repository\ch\qos\logback\logback-core\1.5.21\logback-core-1.5.21.jar;C:\Users\Dell\.m2\repository\org\apache\logging\log4j\log4j-to-slf4j\2.25.2\log4j-to-slf4j-2.25.2.jar;C:\Users\Dell\.m2\repository\org\a
Launcher Type: SUN_STANDARD

[Global flags]
     intx CICompilerCount                          = 3                                         {product} {ergonomic}
     uint ConcGCThreads                            = 1                                         {product} {ergonomic}
     uint G1ConcRefinementThreads                  = 4                                         {product} {ergonomic}
   size_t G1HeapRegionSize                         = 1048576                                   {product} {ergonomic}
    uintx GCDrainStackTargetSize                   = 64                                        {product} {ergonomic}
   size_t InitialHeapSize                          = 134217728                                 {product} {ergonomic}
   size_t MarkStackSize                            = 4194304                                   {product} {ergonomic}
   size_t MaxHeapSize                              = 2120220672                                {product} {ergonomic}
   size_t MinHeapDeltaBytes                        = 1048576                                   {product} {ergonomic}
   size_t MinHeapSize                              = 8388608                                   {product} {ergonomic}
    uintx NonNMethodCodeHeapSize                   = 5832780                                {pd product} {ergonomic}
    uintx NonProfiledCodeHeapSize                  = 122912730                              {pd product} {ergonomic}
    uintx ProfiledCodeHeapSize                     = 122912730                              {pd product} {ergonomic}
    uintx ReservedCodeCacheSize                    = 251658240                              {pd product} {ergonomic}
     bool SegmentedCodeCache                       = true                                      {product} {ergonomic}
     bool ShowCodeDetailsInExceptionMessages       = true                                   {manageable} {command line}
   size_t SoftMaxHeapSize                          = 2120220672                             {manageable} {ergonomic}
     bool UseCompressedClassPointers               = true                           {product lp64_product} {ergonomic}
     bool UseCompressedOops                        = true                           {product lp64_product} {ergonomic}
     bool UseG1GC                                  = true                                      {product} {ergonomic}
     bool UseLargePagesIndividualAllocation        = false                                  {pd product} {ergonomic}

Logging:
Log output configuration:
 #0: stdout all=warning uptime,level,tags
 #1: stderr all=off uptime,level,tags

Environment Variables:
PATH=C:/Users/Dell/Desktop/eclipse-jee-2025-06-R-win32-x86_64/eclipse//plugins/org.eclipse.justj.openjdk.hotspot.jre.full.win32.x86_64_21.0.7.v20250502-0916/jre/bin/server;C:/Users/Dell/Desktop/eclipse-jee-2025-06-R-win32-x86_64/eclipse//plugins/org.eclipse.justj.openjdk.hotspot.jre.full.win32.x86_64_21.0.7.v20250502-0916/jre/bin;C:\Program Files\Common Files\Oracle\Java\javapath;D:\app\Dell\product\11.2.0\dbhome_1\bin;C:\Windows\system32;C:\Windows;C:\Windows\System32\Wbem;C:\Windows\System32\WindowsPowerShell\v1.0\;C:\Windows\System32\OpenSSH\;c:\Xilinx\bin\nt;C:\Users\Dell\Desktop\apache-maven-3.9.11\bin;C:\Program Files\Java\jdk-17\bin;C:\Users\Dell\Downloads\terraform_1.13.4_windows_386;C:\Program Files\Git\cmd;C:\Program Files\nodejs\;C:\Program Files\Redis\;C:\Users\Dell\Desktop\Bhoomi\Install\apache-maven-3.9.11\bin;C:\Program Files\dotnet\;C:\Program Files (x86)\Windows Kits\10\Windows Performance Toolkit\;C:\Program Files\MySQL\MySQL Shell 8.0\bin\;C:\Users\Dell\AppData\Local\Microsoft\WindowsApps;C:\Users\Dell\AppData\Roaming\npm;C:\Microsoft VS Code\bin;C:\Users\Dell\Desktop\eclipse-jee-2025-06-R-win32-x86_64\eclipse;
USERNAME=Dell
OS=Windows_NT
PROCESSOR_IDENTIFIER=Intel64 Family 6 Model 78 Stepping 3, GenuineIntel



---------------  S Y S T E M  ---------------

OS:
 Windows 10 , 64 bit Build 19041 (10.0.19041.7291)
OS uptime: 3 days 23:23 hours

CPU: total 4 (initial active 4) (2 cores per cpu, 2 threads per core) family 6 model 78 stepping 3 microcode 0xf0, cx8, cmov, fxsr, ht, mmx, 3dnowpref, sse, sse2, sse3, ssse3, sse4.1, sse4.2, popcnt, lzcnt, tsc, tscinvbit, avx, avx2, aes, erms, clmul, bmi1, bmi2, rtm, adx, fma, vzeroupper, clflush, clflushopt

Memory: 4k page, system-wide physical 8083M (1203M free)
TotalPageFile size 10131M (AvailPageFile size 5M)
current process WorkingSet (physical memory assigned to process): 10M, peak: 10M
current process commit charge ("private bytes"): 180M, peak: 182M

vm_info: Java HotSpot(TM) 64-Bit Server VM (17.0.10+11-LTS-240) for windows-amd64 JRE (17.0.10+11-LTS-240), built on Dec 19 2023 21:47:25 by "mach5one" with MS VC++ 17.1 (VS2022)

END.
